#
# There is insufficient memory for the Java Runtime Environment to continue.
# Native memory allocation (malloc) failed to allocate 1048576 bytes for AllocateHeap
# Possible reasons:
#   The system is out of physical RAM or swap space
#   The process is running with CompressedOops enabled, and the Java Heap may be blocking the growth of the native heap
# Possible solutions:
#   Reduce memory load on the system
#   Increase physical memory or swap space
#   Check if swap backing store is full
#   Decrease Java heap size (-Xmx/-Xms)
#   Decrease number of Java threads
#   Decrease Java thread stack sizes (-Xss)
#   Set larger code cache with -XX:ReservedCodeCacheSize=
#   JVM is running with Unscaled Compressed Oops mode in which the Java heap is
#     placed in the first 4GB address space. The Java Heap base address is the
#     maximum limit for the native heap growth. Please use -XX:HeapBaseMinAddress
#     to set the Java Heap base and to place the Java Heap above 4GB virtual address.
# This output file may be truncated or incomplete.
#
#  Out of Memory Error (src/hotspot/share/memory/allocation.cpp:46), pid=2896, tid=14324
#
# JRE version: OpenJDK Runtime Environment (11.0.15) (build 11.0.15+0-b2043.56-8887301)
# Java VM: OpenJDK 64-Bit Server VM (11.0.15+0-b2043.56-8887301, mixed mode, tiered, compressed oops, g1 gc, windows-amd64)
# No core dump will be written. Minidumps are not enabled by default on client versions of Windows
#

---------------  S U M M A R Y ------------

Command Line: org.jetbrains.kotlin.cli.jvm.K2JVMCompiler @D:\semester2\pemrograman mobile\diceroller_223307108\app\build\20230508_3893649828303125778.compiler.options

Host: Intel(R) Core(TM) i5-10210U CPU @ 1.60GHz, 8 cores, 7G,  Windows 11 , 64 bit Build 22621 (10.0.22621.1194)
Time: Mon May  8 20:24:17 2023 SE Asia Standard Time elapsed time: 1.920936 seconds (0d 0h 0m 1s)

---------------  T H R E A D  ---------------

Current thread (0x000001b653d58800):  VMThread "VM Thread" [stack: 0x0000003010100000,0x0000003010200000] [id=14324]

Stack: [0x0000003010100000,0x0000003010200000]
[error occurred during error reporting (printing stack bounds), id 0xc0000005, EXCEPTION_ACCESS_VIOLATION (0xc0000005) at pc=0x000001b63c5d112d]

Native frames: (J=compiled Java code, j=interpreted, Vv=VM code, C=native code)
V  [jvm.dll+0x64135a]
V  [jvm.dll+0x7d39f9]
V  [jvm.dll+0x7d51b9]
V  [jvm.dll+0x7d5805]
V  [jvm.dll+0x7d57bb]
V  [jvm.dll+0x640655]
V  [jvm.dll+0x640d68]
C  [ntdll.dll+0xa3eaf]
C  [ntdll.dll+0x1eae6]
C  [ntdll.dll+0xa2e9e]
C  0x000001b63c5d112d

VM_Operation (0x000000300fbfc230): CollectForMetadataAllocation, mode: safepoint, requested by thread 0x000001b6370fc000


---------------  P R O C E S S  ---------------

Threads class SMR info:
_java_thread_list=0x000001b653f0e660, length=10, elements={
0x000001b6370fc000, 0x000001b653528800, 0x000001b65351f800, 0x000001b65352e000,
0x000001b653d63800, 0x000001b653d64800, 0x000001b653d69000, 0x000001b653d6e800,
0x000001b653dbb800, 0x000001b653f16000
}

Java Threads: ( => current thread )
  0x000001b6370fc000 JavaThread "main" [_thread_blocked, id=15056, stack(0x000000300fb00000,0x000000300fc00000)]
  0x000001b653528800 JavaThread "Reference Handler" daemon [_thread_blocked, id=13660, stack(0x0000003010200000,0x0000003010300000)]
  0x000001b65351f800 JavaThread "Finalizer" daemon [_thread_blocked, id=7780, stack(0x0000003010300000,0x0000003010400000)]
  0x000001b65352e000 JavaThread "Signal Dispatcher" daemon [_thread_blocked, id=11360, stack(0x0000003010400000,0x0000003010500000)]
  0x000001b653d63800 JavaThread "Attach Listener" daemon [_thread_blocked, id=12780, stack(0x0000003010500000,0x0000003010600000)]
  0x000001b653d64800 JavaThread "Service Thread" daemon [_thread_blocked, id=7412, stack(0x0000003010600000,0x0000003010700000)]
  0x000001b653d69000 JavaThread "C2 CompilerThread0" daemon [_thread_blocked, id=22408, stack(0x0000003010700000,0x0000003010800000)]
  0x000001b653d6e800 JavaThread "C1 CompilerThread0" daemon [_thread_blocked, id=13576, stack(0x0000003010800000,0x0000003010900000)]
  0x000001b653dbb800 JavaThread "Sweeper thread" daemon [_thread_blocked, id=21484, stack(0x0000003010900000,0x0000003010a00000)]
  0x000001b653f16000 JavaThread "Common-Cleaner" daemon [_thread_blocked, id=10100, stack(0x0000003010b00000,0x0000003010c00000)]

Other Threads:
=>0x000001b653d58800 VMThread "VM Thread" [stack: 0x0000003010100000,0x0000003010200000] [id=14324]
  0x000001b653f11800 WatcherThread [stack: 0x0000003010a00000,0x0000003010b00000] [id=7560]
  0x000001b6372b7000 GCTaskThread "GC Thread#0" [stack: 0x000000300fc00000,0x000000300fd00000] [id=15732]
  0x000001b6547a2800 GCTaskThread "GC Thread#1" [stack: 0x0000003010c00000,0x0000003010d00000] [id=16872]
  0x000001b6547a4000 GCTaskThread "GC Thread#2" [stack: 0x0000003010d00000,0x0000003010e00000] [id=11312]
  0x000001b6372e6800 ConcurrentGCThread "G1 Main Marker" [stack: 0x000000300fd00000,0x000000300fe00000] [id=17872]
  0x000001b6372eb000 ConcurrentGCThread "G1 Conc#0" [stack: 0x000000300fe00000,0x000000300ff00000] [id=18848]
  0x000001b6556df000 ConcurrentGCThread "G1 Conc#1" [stack: 0x0000003010e00000,0x0000003010f00000] [id=15880]
  0x000001b653384800 ConcurrentGCThread "G1 Refine#0" [stack: 0x000000300ff00000,0x0000003010000000] [id=18068]
  0x000001b653387800 ConcurrentGCThread "G1 Young RemSet Sampling" [stack: 0x0000003010000000,0x0000003010100000] [id=11200]

Threads with active compile tasks:
C2 CompilerThread0     1931 1609 % !   4       java.util.concurrent.ConcurrentHashMap::transfer @ 96 (828 bytes)

VM state:at safepoint (normal execution)

VM Mutex/Monitor currently owned by a thread:  ([mutex/lock_event])
[0x000001b63729fde0] Threads_lock - owner thread: 0x000001b653d58800
[0x000001b63729f600] Heap_lock - owner thread: 0x000001b6370fc000

Heap address: 0x0000000083c00000, size: 1988 MB, Compressed Oops mode: 32-bit
Narrow klass base: 0x0000000000000000, Narrow klass shift: 3
Compressed class space size: 1073741824 Address: 0x0000000100000000

Heap:
 garbage-first heap   total 129024K, used 11059K [0x0000000083c00000, 0x0000000100000000)
  region size 1024K, 4 young (4096K), 4 survivors (4096K)
 Metaspace       used 17797K, capacity 17948K, committed 18048K, reserved 1081344K
  class space    used 1761K, capacity 1838K, committed 1920K, reserved 1048576K
Heap Regions: E=young(eden), S=young(survivor), O=old, HS=humongous(starts), HC=humongous(continues), CS=collection set, F=free, A=archive, TAMS=top-at-mark-start (previous, next)
|   0|0x0000000083c00000, 0x0000000083d00000, 0x0000000083d00000|100%|HS|  |TAMS 0x0000000083d00000, 0x0000000083d00000| Complete 
|   1|0x0000000083d00000, 0x0000000083e00000, 0x0000000083e00000|100%|HC|  |TAMS 0x0000000083e00000, 0x0000000083e00000| Complete 
|   2|0x0000000083e00000, 0x0000000083f00000, 0x0000000083f00000|100%|HC|  |TAMS 0x0000000083f00000, 0x0000000083f00000| Complete 
|   3|0x0000000083f00000, 0x0000000084000000, 0x0000000084000000|100%|HC|  |TAMS 0x0000000084000000, 0x0000000084000000| Complete 
|   4|0x0000000084000000, 0x0000000084100000, 0x0000000084100000|100%| O|  |TAMS 0x0000000084000000, 0x0000000084100000| Untracked 
|   5|0x0000000084100000, 0x0000000084200000, 0x0000000084200000|100%| O|  |TAMS 0x0000000084166a00, 0x0000000084200000| Untracked 
|   6|0x0000000084200000, 0x0000000084300000, 0x0000000084300000|100%| O|  |TAMS 0x0000000084200000, 0x0000000084300000| Untracked 
|   7|0x0000000084300000, 0x000000008433ce00, 0x0000000084400000| 23%| O|  |TAMS 0x0000000084300000, 0x000000008433ce00| Untracked 
|   8|0x0000000084400000, 0x0000000084400000, 0x0000000084500000|  0%| F|  |TAMS 0x0000000084400000, 0x0000000084400000| Untracked 
|   9|0x0000000084500000, 0x0000000084500000, 0x0000000084600000|  0%| F|  |TAMS 0x0000000084500000, 0x0000000084500000| Untracked 
|  10|0x0000000084600000, 0x0000000084600000, 0x0000000084700000|  0%| F|  |TAMS 0x0000000084600000, 0x0000000084600000| Untracked 
|  11|0x0000000084700000, 0x0000000084700000, 0x0000000084800000|  0%| F|  |TAMS 0x0000000084700000, 0x0000000084700000| Untracked 
|  12|0x0000000084800000, 0x0000000084800000, 0x0000000084900000|  0%| F|  |TAMS 0x0000000084800000, 0x0000000084800000| Untracked 
|  13|0x0000000084900000, 0x0000000084900000, 0x0000000084a00000|  0%| F|  |TAMS 0x0000000084900000, 0x0000000084900000| Untracked 
|  14|0x0000000084a00000, 0x0000000084a00000, 0x0000000084b00000|  0%| F|  |TAMS 0x0000000084a00000, 0x0000000084a00000| Untracked 
|  15|0x0000000084b00000, 0x0000000084b00000, 0x0000000084c00000|  0%| F|  |TAMS 0x0000000084b00000, 0x0000000084b00000| Untracked 
|  16|0x0000000084c00000, 0x0000000084c00000, 0x0000000084d00000|  0%| F|  |TAMS 0x0000000084c00000, 0x0000000084c00000| Untracked 
|  17|0x0000000084d00000, 0x0000000084d00000, 0x0000000084e00000|  0%| F|  |TAMS 0x0000000084d00000, 0x0000000084d00000| Untracked 
|  18|0x0000000084e00000, 0x0000000084e00000, 0x0000000084f00000|  0%| F|  |TAMS 0x0000000084e00000, 0x0000000084e00000| Untracked 
|  19|0x0000000084f00000, 0x0000000084f00000, 0x0000000085000000|  0%| F|  |TAMS 0x0000000084f00000, 0x0000000084f00000| Untracked 
|  20|0x0000000085000000, 0x0000000085000000, 0x0000000085100000|  0%| F|  |TAMS 0x0000000085000000, 0x0000000085000000| Untracked 
|  21|0x0000000085100000, 0x0000000085100000, 0x0000000085200000|  0%| F|  |TAMS 0x0000000085100000, 0x0000000085100000| Untracked 
|  22|0x0000000085200000, 0x0000000085200000, 0x0000000085300000|  0%| F|  |TAMS 0x0000000085200000, 0x0000000085200000| Untracked 
|  23|0x0000000085300000, 0x0000000085300000, 0x0000000085400000|  0%| F|  |TAMS 0x0000000085300000, 0x0000000085300000| Untracked 
|  24|0x0000000085400000, 0x0000000085400000, 0x0000000085500000|  0%| F|  |TAMS 0x0000000085400000, 0x0000000085400000| Untracked 
|  25|0x0000000085500000, 0x0000000085500000, 0x0000000085600000|  0%| F|  |TAMS 0x0000000085500000, 0x0000000085500000| Untracked 
|  26|0x0000000085600000, 0x0000000085600000, 0x0000000085700000|  0%| F|  |TAMS 0x0000000085600000, 0x0000000085600000| Untracked 
|  27|0x0000000085700000, 0x0000000085700000, 0x0000000085800000|  0%| F|  |TAMS 0x0000000085700000, 0x0000000085700000| Untracked 
|  28|0x0000000085800000, 0x0000000085800000, 0x0000000085900000|  0%| F|  |TAMS 0x0000000085800000, 0x0000000085800000| Untracked 
|  29|0x0000000085900000, 0x0000000085900000, 0x0000000085a00000|  0%| F|  |TAMS 0x0000000085900000, 0x0000000085900000| Untracked 
|  30|0x0000000085a00000, 0x0000000085a00000, 0x0000000085b00000|  0%| F|  |TAMS 0x0000000085a00000, 0x0000000085a00000| Untracked 
|  31|0x0000000085b00000, 0x0000000085b00000, 0x0000000085c00000|  0%| F|  |TAMS 0x0000000085b00000, 0x0000000085b00000| Untracked 
|  32|0x0000000085c00000, 0x0000000085c00000, 0x0000000085d00000|  0%| F|  |TAMS 0x0000000085c00000, 0x0000000085c00000| Untracked 
|  33|0x0000000085d00000, 0x0000000085d00000, 0x0000000085e00000|  0%| F|  |TAMS 0x0000000085d00000, 0x0000000085d00000| Untracked 
|  34|0x0000000085e00000, 0x0000000085e00000, 0x0000000085f00000|  0%| F|  |TAMS 0x0000000085e00000, 0x0000000085e00000| Untracked 
|  35|0x0000000085f00000, 0x0000000085f00000, 0x0000000086000000|  0%| F|  |TAMS 0x0000000085f00000, 0x0000000085f00000| Untracked 
|  36|0x0000000086000000, 0x0000000086000000, 0x0000000086100000|  0%| F|  |TAMS 0x0000000086000000, 0x0000000086000000| Untracked 
|  37|0x0000000086100000, 0x0000000086100000, 0x0000000086200000|  0%| F|  |TAMS 0x0000000086100000, 0x0000000086100000| Untracked 
|  38|0x0000000086200000, 0x0000000086200000, 0x0000000086300000|  0%| F|  |TAMS 0x0000000086200000, 0x0000000086200000| Untracked 
|  39|0x0000000086300000, 0x0000000086300000, 0x0000000086400000|  0%| F|  |TAMS 0x0000000086300000, 0x0000000086300000| Untracked 
|  40|0x0000000086400000, 0x0000000086400000, 0x0000000086500000|  0%| F|  |TAMS 0x0000000086400000, 0x0000000086400000| Untracked 
|  41|0x0000000086500000, 0x0000000086500000, 0x0000000086600000|  0%| F|  |TAMS 0x0000000086500000, 0x0000000086500000| Untracked 
|  42|0x0000000086600000, 0x0000000086600000, 0x0000000086700000|  0%| F|  |TAMS 0x0000000086600000, 0x0000000086600000| Untracked 
|  43|0x0000000086700000, 0x0000000086700000, 0x0000000086800000|  0%| F|  |TAMS 0x0000000086700000, 0x0000000086700000| Untracked 
|  44|0x0000000086800000, 0x0000000086800000, 0x0000000086900000|  0%| F|  |TAMS 0x0000000086800000, 0x0000000086800000| Untracked 
|  45|0x0000000086900000, 0x0000000086900000, 0x0000000086a00000|  0%| F|  |TAMS 0x0000000086900000, 0x0000000086900000| Untracked 
|  46|0x0000000086a00000, 0x0000000086a00000, 0x0000000086b00000|  0%| F|  |TAMS 0x0000000086a00000, 0x0000000086a00000| Untracked 
|  47|0x0000000086b00000, 0x0000000086b00000, 0x0000000086c00000|  0%| F|  |TAMS 0x0000000086b00000, 0x0000000086b00000| Untracked 
|  48|0x0000000086c00000, 0x0000000086c00000, 0x0000000086d00000|  0%| F|  |TAMS 0x0000000086c00000, 0x0000000086c00000| Untracked 
|  49|0x0000000086d00000, 0x0000000086d00000, 0x0000000086e00000|  0%| F|  |TAMS 0x0000000086d00000, 0x0000000086d00000| Untracked 
|  50|0x0000000086e00000, 0x0000000086e00000, 0x0000000086f00000|  0%| F|  |TAMS 0x0000000086e00000, 0x0000000086e00000| Untracked 
|  51|0x0000000086f00000, 0x0000000086f00000, 0x0000000087000000|  0%| F|  |TAMS 0x0000000086f00000, 0x0000000086f00000| Untracked 
|  52|0x0000000087000000, 0x0000000087000000, 0x0000000087100000|  0%| F|  |TAMS 0x0000000087000000, 0x0000000087000000| Untracked 
|  53|0x0000000087100000, 0x0000000087100000, 0x0000000087200000|  0%| F|  |TAMS 0x0000000087100000, 0x0000000087100000| Untracked 
|  54|0x0000000087200000, 0x0000000087200000, 0x0000000087300000|  0%| F|  |TAMS 0x0000000087200000, 0x0000000087200000| Untracked 
|  55|0x0000000087300000, 0x0000000087300000, 0x0000000087400000|  0%| F|  |TAMS 0x0000000087300000, 0x0000000087300000| Untracked 
|  56|0x0000000087400000, 0x0000000087400000, 0x0000000087500000|  0%| F|  |TAMS 0x0000000087400000, 0x0000000087400000| Untracked 
|  57|0x0000000087500000, 0x0000000087500000, 0x0000000087600000|  0%| F|  |TAMS 0x0000000087500000, 0x0000000087500000| Untracked 
|  58|0x0000000087600000, 0x0000000087600000, 0x0000000087700000|  0%| F|  |TAMS 0x0000000087600000, 0x0000000087600000| Untracked 
|  59|0x0000000087700000, 0x0000000087700000, 0x0000000087800000|  0%| F|  |TAMS 0x0000000087700000, 0x0000000087700000| Untracked 
|  60|0x0000000087800000, 0x0000000087800000, 0x0000000087900000|  0%| F|  |TAMS 0x0000000087800000, 0x0000000087800000| Untracked 
|  61|0x0000000087900000, 0x0000000087900000, 0x0000000087a00000|  0%| F|  |TAMS 0x0000000087900000, 0x0000000087900000| Untracked 
|  62|0x0000000087a00000, 0x0000000087a00000, 0x0000000087b00000|  0%| F|  |TAMS 0x0000000087a00000, 0x0000000087a00000| Untracked 
|  63|0x0000000087b00000, 0x0000000087b00000, 0x0000000087c00000|  0%| F|  |TAMS 0x0000000087b00000, 0x0000000087b00000| Untracked 
|  64|0x0000000087c00000, 0x0000000087c00000, 0x0000000087d00000|  0%| F|  |TAMS 0x0000000087c00000, 0x0000000087c00000| Untracked 
|  65|0x0000000087d00000, 0x0000000087d00000, 0x0000000087e00000|  0%| F|  |TAMS 0x0000000087d00000, 0x0000000087d00000| Untracked 
|  66|0x0000000087e00000, 0x0000000087e00000, 0x0000000087f00000|  0%| F|  |TAMS 0x0000000087e00000, 0x0000000087e00000| Untracked 
|  67|0x0000000087f00000, 0x0000000087f00000, 0x0000000088000000|  0%| F|  |TAMS 0x0000000087f00000, 0x0000000087f00000| Untracked 
|  68|0x0000000088000000, 0x0000000088000000, 0x0000000088100000|  0%| F|  |TAMS 0x0000000088000000, 0x0000000088000000| Untracked 
|  69|0x0000000088100000, 0x0000000088100000, 0x0000000088200000|  0%| F|  |TAMS 0x0000000088100000, 0x0000000088100000| Untracked 
|  70|0x0000000088200000, 0x0000000088200000, 0x0000000088300000|  0%| F|  |TAMS 0x0000000088200000, 0x0000000088200000| Untracked 
|  71|0x0000000088300000, 0x0000000088300000, 0x0000000088400000|  0%| F|  |TAMS 0x0000000088300000, 0x0000000088300000| Untracked 
|  72|0x0000000088400000, 0x0000000088400000, 0x0000000088500000|  0%| F|  |TAMS 0x0000000088400000, 0x0000000088400000| Untracked 
|  73|0x0000000088500000, 0x0000000088500000, 0x0000000088600000|  0%| F|  |TAMS 0x0000000088500000, 0x0000000088500000| Untracked 
|  74|0x0000000088600000, 0x0000000088600000, 0x0000000088700000|  0%| F|  |TAMS 0x0000000088600000, 0x0000000088600000| Untracked 
|  75|0x0000000088700000, 0x0000000088700000, 0x0000000088800000|  0%| F|  |TAMS 0x0000000088700000, 0x0000000088700000| Untracked 
|  76|0x0000000088800000, 0x0000000088800000, 0x0000000088900000|  0%| F|  |TAMS 0x0000000088800000, 0x0000000088800000| Untracked 
|  77|0x0000000088900000, 0x0000000088900000, 0x0000000088a00000|  0%| F|  |TAMS 0x0000000088900000, 0x0000000088900000| Untracked 
|  78|0x0000000088a00000, 0x0000000088a00000, 0x0000000088b00000|  0%| F|  |TAMS 0x0000000088a00000, 0x0000000088a00000| Untracked 
|  79|0x0000000088b00000, 0x0000000088b00000, 0x0000000088c00000|  0%| F|  |TAMS 0x0000000088b00000, 0x0000000088b00000| Untracked 
|  80|0x0000000088c00000, 0x0000000088c00000, 0x0000000088d00000|  0%| F|  |TAMS 0x0000000088c00000, 0x0000000088c00000| Untracked 
|  81|0x0000000088d00000, 0x0000000088d00000, 0x0000000088e00000|  0%| F|  |TAMS 0x0000000088d00000, 0x0000000088d00000| Untracked 
|  82|0x0000000088e00000, 0x0000000088e00000, 0x0000000088f00000|  0%| F|  |TAMS 0x0000000088e00000, 0x0000000088e00000| Untracked 
|  83|0x0000000088f00000, 0x0000000088f00000, 0x0000000089000000|  0%| F|  |TAMS 0x0000000088f00000, 0x0000000088f00000| Untracked 
|  84|0x0000000089000000, 0x0000000089000000, 0x0000000089100000|  0%| F|  |TAMS 0x0000000089000000, 0x0000000089000000| Untracked 
|  85|0x0000000089100000, 0x0000000089100000, 0x0000000089200000|  0%| F|  |TAMS 0x0000000089100000, 0x0000000089100000| Untracked 
|  86|0x0000000089200000, 0x0000000089200000, 0x0000000089300000|  0%| F|  |TAMS 0x0000000089200000, 0x0000000089200000| Untracked 
|  87|0x0000000089300000, 0x0000000089300000, 0x0000000089400000|  0%| F|  |TAMS 0x0000000089300000, 0x0000000089300000| Untracked 
|  88|0x0000000089400000, 0x0000000089400000, 0x0000000089500000|  0%| F|  |TAMS 0x0000000089400000, 0x0000000089400000| Untracked 
|  89|0x0000000089500000, 0x0000000089500000, 0x0000000089600000|  0%| F|  |TAMS 0x0000000089500000, 0x0000000089500000| Untracked 
|  90|0x0000000089600000, 0x0000000089600000, 0x0000000089700000|  0%| F|  |TAMS 0x0000000089600000, 0x0000000089600000| Untracked 
|  91|0x0000000089700000, 0x0000000089700000, 0x0000000089800000|  0%| F|  |TAMS 0x0000000089700000, 0x0000000089700000| Untracked 
|  92|0x0000000089800000, 0x0000000089800000, 0x0000000089900000|  0%| F|  |TAMS 0x0000000089800000, 0x0000000089800000| Untracked 
|  93|0x0000000089900000, 0x0000000089900000, 0x0000000089a00000|  0%| F|  |TAMS 0x0000000089900000, 0x0000000089900000| Untracked 
|  94|0x0000000089a00000, 0x0000000089a00000, 0x0000000089b00000|  0%| F|  |TAMS 0x0000000089a00000, 0x0000000089a00000| Untracked 
|  95|0x0000000089b00000, 0x0000000089b00000, 0x0000000089c00000|  0%| F|  |TAMS 0x0000000089b00000, 0x0000000089b00000| Untracked 
|  96|0x0000000089c00000, 0x0000000089c00000, 0x0000000089d00000|  0%| F|  |TAMS 0x0000000089c00000, 0x0000000089c00000| Untracked 
|  97|0x0000000089d00000, 0x0000000089d00000, 0x0000000089e00000|  0%| F|  |TAMS 0x0000000089d00000, 0x0000000089d00000| Untracked 
|  98|0x0000000089e00000, 0x0000000089e00000, 0x0000000089f00000|  0%| F|  |TAMS 0x0000000089e00000, 0x0000000089e00000| Untracked 
|  99|0x0000000089f00000, 0x0000000089f00000, 0x000000008a000000|  0%| F|  |TAMS 0x0000000089f00000, 0x0000000089f00000| Untracked 
| 100|0x000000008a000000, 0x000000008a000000, 0x000000008a100000|  0%| F|  |TAMS 0x000000008a000000, 0x000000008a000000| Untracked 
| 101|0x000000008a100000, 0x000000008a100000, 0x000000008a200000|  0%| F|  |TAMS 0x000000008a100000, 0x000000008a100000| Untracked 
| 102|0x000000008a200000, 0x000000008a200000, 0x000000008a300000|  0%| F|  |TAMS 0x000000008a200000, 0x000000008a200000| Untracked 
| 103|0x000000008a300000, 0x000000008a300000, 0x000000008a400000|  0%| F|  |TAMS 0x000000008a300000, 0x000000008a300000| Untracked 
| 104|0x000000008a400000, 0x000000008a400000, 0x000000008a500000|  0%| F|  |TAMS 0x000000008a400000, 0x000000008a400000| Untracked 
| 105|0x000000008a500000, 0x000000008a500000, 0x000000008a600000|  0%| F|  |TAMS 0x000000008a500000, 0x000000008a500000| Untracked 
| 106|0x000000008a600000, 0x000000008a600000, 0x000000008a700000|  0%| F|  |TAMS 0x000000008a600000, 0x000000008a600000| Untracked 
| 107|0x000000008a700000, 0x000000008a700000, 0x000000008a800000|  0%| F|  |TAMS 0x000000008a700000, 0x000000008a700000| Untracked 
| 108|0x000000008a800000, 0x000000008a800000, 0x000000008a900000|  0%| F|  |TAMS 0x000000008a800000, 0x000000008a800000| Untracked 
| 109|0x000000008a900000, 0x000000008a900000, 0x000000008aa00000|  0%| F|  |TAMS 0x000000008a900000, 0x000000008a900000| Untracked 
| 110|0x000000008aa00000, 0x000000008aa00000, 0x000000008ab00000|  0%| F|  |TAMS 0x000000008aa00000, 0x000000008aa00000| Untracked 
| 111|0x000000008ab00000, 0x000000008ab00000, 0x000000008ac00000|  0%| F|  |TAMS 0x000000008ab00000, 0x000000008ab00000| Untracked 
| 112|0x000000008ac00000, 0x000000008ac00000, 0x000000008ad00000|  0%| F|  |TAMS 0x000000008ac00000, 0x000000008ac00000| Untracked 
| 113|0x000000008ad00000, 0x000000008ad00000, 0x000000008ae00000|  0%| F|  |TAMS 0x000000008ad00000, 0x000000008ad00000| Untracked 
| 114|0x000000008ae00000, 0x000000008ae00000, 0x000000008af00000|  0%| F|  |TAMS 0x000000008ae00000, 0x000000008ae00000| Untracked 
| 115|0x000000008af00000, 0x000000008af00000, 0x000000008b000000|  0%| F|  |TAMS 0x000000008af00000, 0x000000008af00000| Untracked 
| 116|0x000000008b000000, 0x000000008b000000, 0x000000008b100000|  0%| F|  |TAMS 0x000000008b000000, 0x000000008b000000| Untracked 
| 117|0x000000008b100000, 0x000000008b100000, 0x000000008b200000|  0%| F|  |TAMS 0x000000008b100000, 0x000000008b100000| Untracked 
| 118|0x000000008b200000, 0x000000008b200000, 0x000000008b300000|  0%| F|  |TAMS 0x000000008b200000, 0x000000008b200000| Untracked 
| 119|0x000000008b300000, 0x000000008b300000, 0x000000008b400000|  0%| F|  |TAMS 0x000000008b300000, 0x000000008b300000| Untracked 
| 120|0x000000008b400000, 0x000000008b490110, 0x000000008b500000| 56%| S|CS|TAMS 0x000000008b400000, 0x000000008b400000| Complete 
| 121|0x000000008b500000, 0x000000008b600000, 0x000000008b600000|100%| S|CS|TAMS 0x000000008b500000, 0x000000008b500000| Complete 
| 122|0x000000008b600000, 0x000000008b700000, 0x000000008b700000|100%| S|CS|TAMS 0x000000008b600000, 0x000000008b600000| Complete 
| 123|0x000000008b700000, 0x000000008b800000, 0x000000008b800000|100%| S|CS|TAMS 0x000000008b700000, 0x000000008b700000| Complete 
| 124|0x000000008b800000, 0x000000008b800000, 0x000000008b900000|  0%| F|  |TAMS 0x000000008b800000, 0x000000008b800000| Untracked 
| 125|0x000000008b900000, 0x000000008b900000, 0x000000008ba00000|  0%| F|  |TAMS 0x000000008b900000, 0x000000008b900000| Untracked 

Card table byte_map: [0x000001b64c420000,0x000001b64c810000] _byte_map_base: 0x000001b64c002000

Marking Bits (Prev, Next): (CMBitMap*) 0x000001b6372de2d0, (CMBitMap*) 0x000001b6372de298
 Prev Bits: [0x000001b64eb10000, 0x000001b650a20000)
 Next Bits: [0x000001b64cc00000, 0x000001b64eb10000)

Polling page: 0x000001b637370000

Metaspace:

Usage:
  Non-class:     15.73 MB capacity,    15.66 MB (>99%) used,    53.09 KB ( <1%) free+waste,    20.44 KB ( <1%) overhead. 
      Class:      1.79 MB capacity,     1.72 MB ( 96%) used,    67.90 KB (  4%) free+waste,     8.94 KB ( <1%) overhead. 
       Both:     17.53 MB capacity,    17.38 MB (>99%) used,   120.98 KB ( <1%) free+waste,    29.38 KB ( <1%) overhead. 

Virtual space:
  Non-class space:       32.00 MB reserved,      15.75 MB ( 49%) committed 
      Class space:        1.00 GB reserved,       1.88 MB ( <1%) committed 
             Both:        1.03 GB reserved,      17.62 MB (  2%) committed 

Chunk freelists:
   Non-Class:  18.00 KB
       Class:  18.00 KB
        Both:  36.00 KB

MaxMetaspaceSize: 17179869184.00 GB
CompressedClassSpaceSize: 1.00 GB
Initial GC threshold: 20.80 MB
Current GC threshold: 29.70 MB
CDS: off

CodeHeap 'non-profiled nmethods': size=120000Kb used=516Kb max_used=516Kb free=119483Kb
 bounds [0x000001b6440a0000, 0x000001b644310000, 0x000001b64b5d0000]
CodeHeap 'profiled nmethods': size=120000Kb used=3187Kb max_used=3187Kb free=116813Kb
 bounds [0x000001b63cb70000, 0x000001b63ce90000, 0x000001b6440a0000]
CodeHeap 'non-nmethods': size=5760Kb used=1187Kb max_used=1199Kb free=4572Kb
 bounds [0x000001b63c5d0000, 0x000001b63c840000, 0x000001b63cb70000]
 total_blobs=2061 nmethods=1608 adapters=366
 compilation: enabled
              stopped_count=0, restarted_count=0
 full_count=0

Compilation events (20 events):
Event: 1.893 Thread 0x000001b653d6e800 nmethod 1598 0x000001b63ce88890 code [0x000001b63ce88a40, 0x000001b63ce88b98]
Event: 1.893 Thread 0x000001b653d6e800 1597       3       java.lang.invoke.DirectMethodHandle::internalMemberName (8 bytes)
Event: 1.893 Thread 0x000001b653d6e800 nmethod 1597 0x000001b63ce88c10 code [0x000001b63ce88dc0, 0x000001b63ce88f98]
Event: 1.897 Thread 0x000001b653d6e800 1599       3       java.util.WeakHashMap::put (162 bytes)
Event: 1.897 Thread 0x000001b653d69000 1601       4       java.lang.ClassLoader::checkName (37 bytes)
Event: 1.898 Thread 0x000001b653d6e800 nmethod 1599 0x000001b63ce89090 code [0x000001b63ce89320, 0x000001b63ce8a278]
Event: 1.898 Thread 0x000001b653d6e800 1600       3       java.util.WeakHashMap::getTable (9 bytes)
Event: 1.898 Thread 0x000001b653d6e800 nmethod 1600 0x000001b63ce8a790 code [0x000001b63ce8a940, 0x000001b63ce8aa88]
Event: 1.898 Thread 0x000001b653d6e800 1602       3       java.util.WeakHashMap$Entry::<init> (24 bytes)
Event: 1.898 Thread 0x000001b653d6e800 nmethod 1602 0x000001b63ce8ab10 code [0x000001b63ce8ace0, 0x000001b63ce8b0d8]
Event: 1.900 Thread 0x000001b653d6e800 1603       3       java.util.WeakHashMap::remove (133 bytes)
Event: 1.901 Thread 0x000001b653d6e800 nmethod 1603 0x000001b63ce8b210 code [0x000001b63ce8b460, 0x000001b63ce8bf08]
Event: 1.902 Thread 0x000001b653d69000 nmethod 1601 0x000001b644120210 code [0x000001b6441203c0, 0x000001b644120598]
Event: 1.902 Thread 0x000001b653d6e800 1605       1       java.lang.invoke.MethodHandleImpl::isCompileConstant (2 bytes)
Event: 1.902 Thread 0x000001b653d6e800 nmethod 1605 0x000001b644120a90 code [0x000001b644120c40, 0x000001b644120cd8]
Event: 1.904 Thread 0x000001b653d6e800 1607       3       java.lang.invoke.Invokers::checkCustomized (23 bytes)
Event: 1.904 Thread 0x000001b653d6e800 nmethod 1607 0x000001b63ce8c310 code [0x000001b63ce8c4e0, 0x000001b63ce8c6a8]
Event: 1.904 Thread 0x000001b653d6e800 1608       3       java.lang.invoke.Invokers::maybeCustomize (28 bytes)
Event: 1.904 Thread 0x000001b653d6e800 nmethod 1608 0x000001b63ce8c790 code [0x000001b63ce8c940, 0x000001b63ce8cb28]
Event: 1.904 Thread 0x000001b653d69000 1609 % !   4       java.util.concurrent.ConcurrentHashMap::transfer @ 96 (828 bytes)

GC Heap History (6 events):
Event: 0.963 GC heap before
{Heap before GC invocations=0 (full 0):
 garbage-first heap   total 129024K, used 28672K [0x0000000083c00000, 0x0000000100000000)
  region size 1024K, 24 young (24576K), 0 survivors (0K)
 Metaspace       used 12322K, capacity 12458K, committed 12672K, reserved 1060864K
  class space    used 1103K, capacity 1149K, committed 1152K, reserved 1048576K
}
Event: 0.972 GC heap after
{Heap after GC invocations=1 (full 0):
 garbage-first heap   total 129024K, used 7578K [0x0000000083c00000, 0x0000000100000000)
  region size 1024K, 3 young (3072K), 3 survivors (3072K)
 Metaspace       used 12322K, capacity 12458K, committed 12672K, reserved 1060864K
  class space    used 1103K, capacity 1149K, committed 1152K, reserved 1048576K
}
Event: 1.875 GC heap before
{Heap before GC invocations=1 (full 0):
 garbage-first heap   total 129024K, used 32154K [0x0000000083c00000, 0x0000000100000000)
  region size 1024K, 28 young (28672K), 3 survivors (3072K)
 Metaspace       used 17440K, capacity 17642K, committed 17792K, reserved 1073152K
  class space    used 1708K, capacity 1798K, committed 1920K, reserved 1048576K
}
Event: 1.881 GC heap after
{Heap after GC invocations=2 (full 0):
 garbage-first heap   total 129024K, used 10601K [0x0000000083c00000, 0x0000000100000000)
  region size 1024K, 6 young (6144K), 6 survivors (6144K)
 Metaspace       used 17440K, capacity 17642K, committed 17792K, reserved 1073152K
  class space    used 1708K, capacity 1798K, committed 1920K, reserved 1048576K
}
Event: 1.909 GC heap before
{Heap before GC invocations=3 (full 0):
 garbage-first heap   total 129024K, used 11625K [0x0000000083c00000, 0x0000000100000000)
  region size 1024K, 8 young (8192K), 6 survivors (6144K)
 Metaspace       used 17797K, capacity 17948K, committed 18048K, reserved 1079296K
  class space    used 1761K, capacity 1838K, committed 1920K, reserved 1048576K
}
Event: 1.919 GC heap after
{Heap after GC invocations=4 (full 0):
 garbage-first heap   total 129024K, used 11059K [0x0000000083c00000, 0x0000000100000000)
  region size 1024K, 4 young (4096K), 4 survivors (4096K)
 Metaspace       used 17797K, capacity 17948K, committed 18048K, reserved 1079296K
  class space    used 1761K, capacity 1838K, committed 1920K, reserved 1048576K
}

Deoptimization events (20 events):
Event: 1.537 Thread 0x000001b6370fc000 DEOPT PACKING pc=0x000001b6440e5f0c sp=0x000000300fbfe290
Event: 1.537 Thread 0x000001b6370fc000 DEOPT UNPACKING pc=0x000001b63c61a1af sp=0x000000300fbfe220 mode 2
Event: 1.537 Thread 0x000001b6370fc000 Uncommon trap: trap_request=0xffffffc6 fr.pc=0x000001b6440e5f0c relative=0x00000000000007cc
Event: 1.537 Thread 0x000001b6370fc000 Uncommon trap: reason=bimorphic_or_optimized_type_check action=maybe_recompile pc=0x000001b6440e5f0c method=java.util.HashMap.putVal(ILjava/lang/Object;Ljava/lang/Object;ZZ)Ljava/lang/Object; @ 91 c2
Event: 1.537 Thread 0x000001b6370fc000 DEOPT PACKING pc=0x000001b6440e5f0c sp=0x000000300fbfe290
Event: 1.537 Thread 0x000001b6370fc000 DEOPT UNPACKING pc=0x000001b63c61a1af sp=0x000000300fbfe220 mode 2
Event: 1.538 Thread 0x000001b6370fc000 Uncommon trap: trap_request=0xffffffc6 fr.pc=0x000001b6440e5f0c relative=0x00000000000007cc
Event: 1.538 Thread 0x000001b6370fc000 Uncommon trap: reason=bimorphic_or_optimized_type_check action=maybe_recompile pc=0x000001b6440e5f0c method=java.util.HashMap.putVal(ILjava/lang/Object;Ljava/lang/Object;ZZ)Ljava/lang/Object; @ 91 c2
Event: 1.538 Thread 0x000001b6370fc000 DEOPT PACKING pc=0x000001b6440e5f0c sp=0x000000300fbfe290
Event: 1.538 Thread 0x000001b6370fc000 DEOPT UNPACKING pc=0x000001b63c61a1af sp=0x000000300fbfe220 mode 2
Event: 1.643 Thread 0x000001b6370fc000 Uncommon trap: trap_request=0xffffff4d fr.pc=0x000001b6440c6d6c relative=0x000000000000022c
Event: 1.643 Thread 0x000001b6370fc000 Uncommon trap: reason=unstable_if action=reinterpret pc=0x000001b6440c6d6c method=java.lang.String.startsWith(Ljava/lang/String;I)Z @ 14 c2
Event: 1.643 Thread 0x000001b6370fc000 DEOPT PACKING pc=0x000001b6440c6d6c sp=0x000000300fbfd200
Event: 1.643 Thread 0x000001b6370fc000 DEOPT UNPACKING pc=0x000001b63c61a1af sp=0x000000300fbfd168 mode 2
Event: 1.795 Thread 0x000001b6370fc000 DEOPT PACKING pc=0x000001b63ce09cac sp=0x000000300fbfe0a0
Event: 1.795 Thread 0x000001b6370fc000 DEOPT UNPACKING pc=0x000001b63c61a95e sp=0x000000300fbfd6d8 mode 0
Event: 1.852 Thread 0x000001b6370fc000 Uncommon trap: trap_request=0xffffff4d fr.pc=0x000001b6440e6810 relative=0x00000000000000d0
Event: 1.852 Thread 0x000001b6370fc000 Uncommon trap: reason=unstable_if action=reinterpret pc=0x000001b6440e6810 method=java.lang.Integer.valueOf(I)Ljava/lang/Integer; @ 3 c2
Event: 1.852 Thread 0x000001b6370fc000 DEOPT PACKING pc=0x000001b6440e6810 sp=0x000000300fbfce20
Event: 1.852 Thread 0x000001b6370fc000 DEOPT UNPACKING pc=0x000001b63c61a1af sp=0x000000300fbfcdb8 mode 2

Classes redefined (0 events):
No events

Internal exceptions (10 events):
Event: 1.832 Thread 0x000001b6370fc000 Exception <a 'java/lang/NoSuchMethodError'{0x000000008a27d140}: 'int java.lang.invoke.DelegatingMethodHandle$Holder.reinvoke_L(java.lang.Object, java.lang.Object, java.lang.Object, long, int, int)'> (0x000000008a27d140) thrown at [src/hotspot/share/interpreter/linkResolver.cpp, line 773]
Event: 1.833 Thread 0x000001b6370fc000 Exception <a 'java/lang/NoSuchMethodError'{0x000000008a28ad18}: 'int java.lang.invoke.DelegatingMethodHandle$Holder.reinvoke_L(java.lang.Object, java.lang.Object, java.lang.Object, long, long, long)'> (0x000000008a28ad18) thrown at [src/hotspot/share/interpreter/linkResolver.cpp, line 773]
Event: 1.835 Thread 0x000001b6370fc000 Exception <a 'java/lang/NoSuchMethodError'{0x000000008a297ed0}: 'int java.lang.invoke.DelegatingMethodHandle$Holder.reinvoke_L(java.lang.Object, java.lang.Object, java.lang.Object, long, java.lang.Object, java.lang.Object)'> (0x000000008a297ed0) thrown at [src/hotspot/share/interpreter/linkResolver.cpp, line 773]
Event: 1.836 Thread 0x000001b6370fc000 Exception <a 'java/lang/NoSuchMethodError'{0x000000008a2a5338}: 'void java.lang.invoke.DelegatingMethodHandle$Holder.reinvoke_L(java.lang.Object, java.lang.Object, java.lang.Object, long, java.lang.Object)'> (0x000000008a2a5338) thrown at [src/hotspot/share/interpreter/linkResolver.cpp, line 773]
Event: 1.837 Thread 0x000001b6370fc000 Exception <a 'java/lang/NoSuchMethodError'{0x000000008a2aebb8}: 'java.lang.Object java.lang.invoke.DirectMethodHandle$Holder.invokeSpecial(java.lang.Object, java.lang.Object, java.lang.Object, java.lang.Object, long)'> (0x000000008a2aebb8) thrown at [src/hotspot/share/interpreter/linkResolver.cpp, line 773]
Event: 1.837 Thread 0x000001b6370fc000 Exception <a 'java/lang/NoSuchMethodError'{0x000000008a2b2110}: 'java.lang.Object java.lang.invoke.DelegatingMethodHandle$Holder.reinvoke_L(java.lang.Object, java.lang.Object, java.lang.Object, long)'> (0x000000008a2b2110) thrown at [src/hotspot/share/interpreter/linkResolver.cpp, line 773]
Event: 1.839 Thread 0x000001b6370fc000 Exception <a 'java/lang/NoSuchMethodError'{0x000000008a2cc5d8}: 'long java.lang.invoke.Invokers$Holder.invoke_MT(java.lang.Object, java.lang.Object, java.lang.Object, java.lang.Object)'> (0x000000008a2cc5d8) thrown at [src/hotspot/share/interpreter/linkResolver.cpp, line 773]
Event: 1.839 Thread 0x000001b6370fc000 Exception <a 'java/lang/NoSuchMethodError'{0x000000008a2cfc58}: 'long java.lang.invoke.DelegatingMethodHandle$Holder.reinvoke_L(java.lang.Object, java.lang.Object, java.lang.Object)'> (0x000000008a2cfc58) thrown at [src/hotspot/share/interpreter/linkResolver.cpp, line 773]
Event: 1.841 Thread 0x000001b6370fc000 Exception <a 'java/lang/NoSuchMethodError'{0x000000008a2d9918}: 'int java.lang.invoke.DirectMethodHandle$Holder.invokeSpecial(java.lang.Object, java.lang.Object, java.lang.Object, java.lang.Object)'> (0x000000008a2d9918) thrown at [src/hotspot/share/interpreter/linkResolver.cpp, line 773]
Event: 1.842 Thread 0x000001b6370fc000 Exception <a 'java/lang/NoSuchMethodError'{0x000000008a2e86f8}: 'int java.lang.invoke.DelegatingMethodHandle$Holder.reinvoke_L(java.lang.Object, java.lang.Object, java.lang.Object, long, int)'> (0x000000008a2e86f8) thrown at [src/hotspot/share/interpreter/linkResolver.cpp, line 773]

Events (20 events):
Event: 1.905 loading class org/jetbrains/kotlin/config/LanguageVersion$Companion
Event: 1.905 loading class org/jetbrains/kotlin/config/LanguageVersion$Companion done
Event: 1.905 loading class org/jetbrains/kotlin/config/ApiVersion$Companion
Event: 1.905 loading class org/jetbrains/kotlin/config/ApiVersion$Companion done
Event: 1.906 loading class org/jetbrains/kotlin/config/MavenComparableVersion
Event: 1.906 loading class org/jetbrains/kotlin/config/MavenComparableVersion done
Event: 1.906 loading class org/jetbrains/kotlin/config/MavenComparableVersion$Item
Event: 1.906 loading class org/jetbrains/kotlin/config/MavenComparableVersion$Item done
Event: 1.906 loading class org/jetbrains/kotlin/config/MavenComparableVersion$ListItem
Event: 1.906 loading class org/jetbrains/kotlin/config/MavenComparableVersion$ListItem done
Event: 1.906 Executing VM operation: Deoptimize
Event: 1.907 Executing VM operation: Deoptimize done
Event: 1.907 loading class java/util/Stack
Event: 1.907 loading class java/util/Stack done
Event: 1.907 Executing VM operation: Deoptimize
Event: 1.907 Executing VM operation: Deoptimize done
Event: 1.907 loading class org/jetbrains/kotlin/config/MavenComparableVersion$IntegerItem
Event: 1.907 loading class org/jetbrains/kotlin/config/MavenComparableVersion$IntegerItem done
Event: 1.907 loading class java/math/BigInteger
Event: 1.909 Executing VM operation: CollectForMetadataAllocation


Dynamic libraries:
0x00007ff75a3a0000 - 0x00007ff75a3aa000 	C:\Program Files\Android\Android Studio\jbr\bin\java.exe
0x00007ffbf3dd0000 - 0x00007ffbf3fe4000 	C:\WINDOWS\SYSTEM32\ntdll.dll
0x00007ffbf3430000 - 0x00007ffbf34f3000 	C:\WINDOWS\System32\KERNEL32.DLL
0x00007ffbf1670000 - 0x00007ffbf1a0c000 	C:\WINDOWS\System32\KERNELBASE.dll
0x00007ffbf1a90000 - 0x00007ffbf1ba1000 	C:\WINDOWS\System32\ucrtbase.dll
0x00007ffbe61f0000 - 0x00007ffbe620b000 	C:\Program Files\Android\Android Studio\jbr\bin\VCRUNTIME140.dll
0x00007ffbe63c0000 - 0x00007ffbe63d7000 	C:\Program Files\Android\Android Studio\jbr\bin\jli.dll
0x00007ffbf24a0000 - 0x00007ffbf264d000 	C:\WINDOWS\System32\USER32.dll
0x00007ffbf1bb0000 - 0x00007ffbf1bd6000 	C:\WINDOWS\System32\win32u.dll
0x00007ffbf2830000 - 0x00007ffbf2859000 	C:\WINDOWS\System32\GDI32.dll
0x00007ffbde420000 - 0x00007ffbde6ae000 	C:\WINDOWS\WinSxS\amd64_microsoft.windows.common-controls_6595b64144ccf1df_6.0.22621.608_none_a9444ca7c10bb01d\COMCTL32.dll
0x00007ffbf1490000 - 0x00007ffbf15a2000 	C:\WINDOWS\System32\gdi32full.dll
0x00007ffbf1be0000 - 0x00007ffbf1c87000 	C:\WINDOWS\System32\msvcrt.dll
0x00007ffbf1380000 - 0x00007ffbf141a000 	C:\WINDOWS\System32\msvcp_win.dll
0x00007ffbf3870000 - 0x00007ffbf38a2000 	C:\WINDOWS\System32\IMM32.DLL
0x00007ffbdfd00000 - 0x00007ffbdfd8d000 	C:\Program Files\Android\Android Studio\jbr\bin\msvcp140.dll
0x00007ffbd7410000 - 0x00007ffbd741c000 	C:\WINDOWS\SYSTEM32\VCRUNTIME140_1.dll
0x00007ffb81fb0000 - 0x00007ffb82b6c000 	C:\Program Files\Android\Android Studio\jbr\bin\server\jvm.dll
0x00007ffbf3700000 - 0x00007ffbf37ae000 	C:\WINDOWS\System32\ADVAPI32.dll
0x00007ffbf1c90000 - 0x00007ffbf1d34000 	C:\WINDOWS\System32\sechost.dll
0x00007ffbf2380000 - 0x00007ffbf2495000 	C:\WINDOWS\System32\RPCRT4.dll
0x00007ffbf2370000 - 0x00007ffbf2378000 	C:\WINDOWS\System32\PSAPI.DLL
0x00007ffbe6160000 - 0x00007ffbe6194000 	C:\WINDOWS\SYSTEM32\WINMM.dll
0x00007ffbe6d40000 - 0x00007ffbe6d4a000 	C:\WINDOWS\SYSTEM32\VERSION.dll
0x00007ffbd1c00000 - 0x00007ffbd1c09000 	C:\WINDOWS\SYSTEM32\WSOCK32.dll
0x00007ffbf3680000 - 0x00007ffbf36f1000 	C:\WINDOWS\System32\WS2_32.dll
0x00007ffbf0260000 - 0x00007ffbf0278000 	C:\WINDOWS\SYSTEM32\kernel.appcore.dll
0x00007ffbcda00000 - 0x00007ffbcda10000 	C:\Program Files\Android\Android Studio\jbr\bin\verify.dll
0x00007ffbee8f0000 - 0x00007ffbeeb1e000 	C:\WINDOWS\SYSTEM32\DBGHELP.DLL
0x00007ffbf1e20000 - 0x00007ffbf21aa000 	C:\WINDOWS\System32\combase.dll
0x00007ffbf1d40000 - 0x00007ffbf1e17000 	C:\WINDOWS\System32\OLEAUT32.dll
0x00007ffbdfbd0000 - 0x00007ffbdfc02000 	C:\WINDOWS\SYSTEM32\dbgcore.DLL
0x00007ffbf1a10000 - 0x00007ffbf1a8b000 	C:\WINDOWS\System32\bcryptPrimitives.dll
0x00007ffb9e830000 - 0x00007ffb9e858000 	C:\Program Files\Android\Android Studio\jbr\bin\java.dll
0x00007ffbc5c30000 - 0x00007ffbc5c3a000 	C:\Program Files\Android\Android Studio\jbr\bin\jimage.dll
0x00007ffb9e810000 - 0x00007ffb9e828000 	C:\Program Files\Android\Android Studio\jbr\bin\zip.dll
0x00007ffbf2b20000 - 0x00007ffbf330f000 	C:\WINDOWS\System32\SHELL32.dll
0x00007ffbef230000 - 0x00007ffbefaf8000 	C:\WINDOWS\SYSTEM32\windows.storage.dll
0x00007ffbef0f0000 - 0x00007ffbef22e000 	C:\WINDOWS\SYSTEM32\wintypes.dll
0x00007ffbf3500000 - 0x00007ffbf35f1000 	C:\WINDOWS\System32\SHCORE.dll
0x00007ffbf2a90000 - 0x00007ffbf2aee000 	C:\WINDOWS\System32\shlwapi.dll
0x00007ffbf1140000 - 0x00007ffbf1161000 	C:\WINDOWS\SYSTEM32\profapi.dll
0x00007ffb9e7f0000 - 0x00007ffb9e809000 	C:\Program Files\Android\Android Studio\jbr\bin\net.dll
0x00007ffbe8240000 - 0x00007ffbe836f000 	C:\WINDOWS\SYSTEM32\WINHTTP.dll
0x00007ffbf06d0000 - 0x00007ffbf0739000 	C:\WINDOWS\system32\mswsock.dll
0x00007ffb9e7d0000 - 0x00007ffb9e7e3000 	C:\Program Files\Android\Android Studio\jbr\bin\nio.dll

dbghelp: loaded successfully - version: 4.0.5 - missing functions: none
symbol engine: initialized successfully - sym options: 0x614 - pdb path: .;C:\Program Files\Android\Android Studio\jbr\bin;C:\WINDOWS\SYSTEM32;C:\WINDOWS\WinSxS\amd64_microsoft.windows.common-controls_6595b64144ccf1df_6.0.22621.608_none_a9444ca7c10bb01d;C:\Program Files\Android\Android Studio\jbr\bin\server

VM Arguments:
java_command: org.jetbrains.kotlin.cli.jvm.K2JVMCompiler @D:\semester2\pemrograman mobile\diceroller_223307108\app\build\20230508_3893649828303125778.compiler.options
java_class_path (initial): C:\Users\User\.gradle\caches\modules-2\files-2.1\org.jetbrains.kotlin\kotlin-compiler-embeddable\1.7.21\a36688d6a38ea94ac3fce84e198ea2cb6c6a8e88\kotlin-compiler-embeddable-1.7.21.jar;C:\Users\User\.gradle\caches\modules-2\files-2.1\org.jetbrains.kotlin\kotlin-reflect\1.7.21\ad6d09bc4db0eab1069112eea8ebea0be7be44f\kotlin-reflect-1.7.21.jar;C:\Users\User\.gradle\caches\modules-2\files-2.1\org.jetbrains.kotlin\kotlin-stdlib\1.7.21\1a2eaf898a0dda83037034b10a42053cf8a7caf8\kotlin-stdlib-1.7.21.jar;C:\Users\User\.gradle\caches\modules-2\files-2.1\org.jetbrains.kotlin\kotlin-script-runtime\1.7.21\b06d5c58297dccce2a0f69b0636804b0a73b3b9\kotlin-script-runtime-1.7.21.jar;C:\Users\User\.gradle\caches\modules-2\files-2.1\org.jetbrains.kotlin\kotlin-daemon-embeddable\1.7.21\b94818f660cc50f5d39f04b6396ac38e4d3a9eb7\kotlin-daemon-embeddable-1.7.21.jar;C:\Users\User\.gradle\caches\modules-2\files-2.1\org.jetbrains.intellij.deps\trove4j\1.0.20200330\3afb14d5f9ceb459d724e907a21145e8ff394f02\trove4j-1.0.20200330.jar;C:\Users\User\.gradle\caches\modules-2\files-2.1\net.java.dev.jna\jna\5.6.0\330f2244e9030119ab3030fc3fededc86713d9cc\jna-5.6.0.jar;C:\Users\User\.gradle\caches\modules-2\files-2.1\org.jetbrains.kotlin\kotlin-stdlib-common\1.7.21\cb02257de8e13e8498f8e2f69f742f2d438e794d\kotlin-stdlib-common-1.7.21.jar;C:\Users\User\.gradle\caches\modules-2\files-2.1\org.jetbrains\annotations\13.0\919f0dfe192fb4e063e7dacadee7f8bb9a2672a9\annotations-13.0.jar
Launcher Type: SUN_STANDARD

[Global flags]
     intx CICompilerCount                          = 4                                         {product} {ergonomic}
     uint ConcGCThreads                            = 2                                         {product} {ergonomic}
     uint G1ConcRefinementThreads                  = 8                                         {product} {ergonomic}
   size_t G1HeapRegionSize                         = 1048576                                   {product} {ergonomic}
    uintx GCDrainStackTargetSize                   = 64                                        {product} {ergonomic}
   size_t InitialHeapSize                          = 132120576                                 {product} {ergonomic}
   size_t MarkStackSize                            = 4194304                                   {product} {ergonomic}
   size_t MaxHeapSize                              = 2084569088                                {product} {ergonomic}
   size_t MaxNewSize                               = 1249902592                                {product} {ergonomic}
   size_t MinHeapDeltaBytes                        = 1048576                                   {product} {ergonomic}
    uintx NonNMethodCodeHeapSize                   = 5836300                                {pd product} {ergonomic}
    uintx NonProfiledCodeHeapSize                  = 122910970                              {pd product} {ergonomic}
    uintx ProfiledCodeHeapSize                     = 122910970                              {pd product} {ergonomic}
    uintx ReservedCodeCacheSize                    = 251658240                              {pd product} {ergonomic}
     bool SegmentedCodeCache                       = true                                      {product} {ergonomic}
     bool UseCompressedClassPointers               = true                                 {lp64_product} {ergonomic}
     bool UseCompressedOops                        = true                                 {lp64_product} {ergonomic}
     bool UseG1GC                                  = true                                      {product} {ergonomic}
     bool UseLargePagesIndividualAllocation        = false                                  {pd product} {ergonomic}

Logging:
Log output configuration:
 #0: stdout all=warning uptime,level,tags
 #1: stderr all=off uptime,level,tags

Environment Variables:
JAVA_HOME=C:\Program Files\Java\jdk-19
PATH=C:\Program Files\Common Files\Oracle\Java\javapath;C:\WINDOWS\system32;C:\WINDOWS;C:\WINDOWS\System32\Wbem;C:\WINDOWS\System32\WindowsPowerShell\v1.0\;C:\WINDOWS\System32\OpenSSH\;C:\xampp\php;C:\ProgramData\ComposerSetup\bin;C:\Program Files\PuTTY\;C:\Program Files\Common Files\Oracle\Java\javapath;C:\Program Files\Java\jdk-19\bin;C:\Program Files\Git\cmd;C:\Users\User\AppData\Local\Programs\Python\Python311\Scripts\;C:\Users\User\AppData\Local\Programs\Python\Python311\;C:\Users\User\AppData\Local\Microsoft\WindowsApps;C:\Users\User\AppData\Roaming\Composer\vendor\bin;C:\Users\User\AppData\Local\Programs\Microsoft VS Code\bin
USERNAME=User
OS=Windows_NT
PROCESSOR_IDENTIFIER=Intel64 Family 6 Model 142 Stepping 12, GenuineIntel



---------------  S Y S T E M  ---------------

OS: Windows 11 , 64 bit Build 22621 (10.0.22621.1194)
OS uptime: 1 days 1:34 hours

CPU:total 8 (initial active 8) (4 cores per cpu, 2 threads per core) family 6 model 142 stepping 12 microcode 0xde, cmov, cx8, fxsr, mmx, sse, sse2, sse3, ssse3, sse4.1, sse4.2, popcnt, avx, avx2, aes, clmul, erms, 3dnowpref, lzcnt, ht, tsc, tscinvbit, bmi1, bmi2, adx, fma

Memory: 4k page, system-wide physical 7945M (259M free)
TotalPageFile size 12041M (AvailPageFile size 0M)
current process WorkingSet (physical memory assigned to process): 111M, peak: 111M
current process commit charge ("private bytes"): 234M, peak: 235M

vm_info: OpenJDK 64-Bit Server VM (11.0.15+0-b2043.56-8887301) for windows-amd64 JRE (11.0.15+0-b2043.56-8887301), built on Jul 29 2022 23:19:47 by "builduser" with unknown MS VC++:1929

END.
