#
# There is insufficient memory for the Java Runtime Environment to continue.
# Native memory allocation (malloc) failed to allocate 1207696 bytes for Chunk::new
# Possible reasons:
#   The system is out of physical RAM or swap space
#   The process is running with CompressedOops enabled, and the Java Heap may be blocking the growth of the native heap
# Possible solutions:
#   Reduce memory load on the system
#   Increase physical memory or swap space
#   Check if swap backing store is full
#   Decrease Java heap size (-Xmx/-Xms)
#   Decrease number of Java threads
#   Decrease Java thread stack sizes (-Xss)
#   Set larger code cache with -XX:ReservedCodeCacheSize=
#   JVM is running with Unscaled Compressed Oops mode in which the Java heap is
#     placed in the first 4GB address space. The Java Heap base address is the
#     maximum limit for the native heap growth. Please use -XX:HeapBaseMinAddress
#     to set the Java Heap base and to place the Java Heap above 4GB virtual address.
# This output file may be truncated or incomplete.
#
#  Out of Memory Error (src/hotspot/share/memory/arena.cpp:197), pid=18440, tid=21796
#
# JRE version: OpenJDK Runtime Environment (11.0.15) (build 11.0.15+0-b2043.56-8887301)
# Java VM: OpenJDK 64-Bit Server VM (11.0.15+0-b2043.56-8887301, mixed mode, tiered, compressed oops, g1 gc, windows-amd64)
# No core dump will be written. Minidumps are not enabled by default on client versions of Windows
#

---------------  S U M M A R Y ------------

Command Line: org.jetbrains.kotlin.cli.jvm.K2JVMCompiler @D:\semester2\pemrograman mobile\diceroller_223307108\app\build\20230508_2463136896084883563.compiler.options

Host: Intel(R) Core(TM) i5-10210U CPU @ 1.60GHz, 8 cores, 7G,  Windows 11 , 64 bit Build 22621 (10.0.22621.1194)
Time: Mon May  8 20:23:35 2023 SE Asia Standard Time elapsed time: 3.520746 seconds (0d 0h 0m 3s)

---------------  T H R E A D  ---------------

Current thread (0x000001ccdba61000):  JavaThread "C2 CompilerThread0" daemon [_thread_in_native, id=21796, stack(0x0000003478a00000,0x0000003478b00000)]


Current CompileTask:
C2:   3520 2536   !   4       java.net.URL::<init> (543 bytes)

Stack: [0x0000003478a00000,0x0000003478b00000]
Native frames: (J=compiled Java code, j=interpreted, Vv=VM code, C=native code)
V  [jvm.dll+0x64135a]
V  [jvm.dll+0x7d39f9]
V  [jvm.dll+0x7d51b9]
V  [jvm.dll+0x7d58a3]
V  [jvm.dll+0x2691c5]
V  [jvm.dll+0xc1a5c]
V  [jvm.dll+0xc200c]
V  [jvm.dll+0x377462]
V  [jvm.dll+0x342495]
V  [jvm.dll+0x34186a]
V  [jvm.dll+0x2214bd]
V  [jvm.dll+0x220498]
V  [jvm.dll+0x19e851]
V  [jvm.dll+0x230479]
V  [jvm.dll+0x22e5ef]
V  [jvm.dll+0x794de1]
V  [jvm.dll+0x78dc24]
V  [jvm.dll+0x6400f6]
C  [ucrtbase.dll+0x29363]
C  [KERNEL32.DLL+0x126bd]
C  [ntdll.dll+0x5dfb8]


---------------  P R O C E S S  ---------------

Threads class SMR info:
_java_thread_list=0x000001ccdbba8390, length=10, elements={
0x000001ccc0f2f800, 0x000001ccdba01800, 0x000001ccdba0a000, 0x000001ccdba57800,
0x000001ccdba5c000, 0x000001ccdba5f000, 0x000001ccdba61000, 0x000001ccdb1ee800,
0x000001ccdb1f9800, 0x000001ccdbbd5800
}

Java Threads: ( => current thread )
  0x000001ccc0f2f800 JavaThread "main" [_thread_in_Java, id=11540, stack(0x0000003477e00000,0x0000003477f00000)]
  0x000001ccdba01800 JavaThread "Reference Handler" daemon [_thread_blocked, id=12768, stack(0x0000003478500000,0x0000003478600000)]
  0x000001ccdba0a000 JavaThread "Finalizer" daemon [_thread_blocked, id=21304, stack(0x0000003478600000,0x0000003478700000)]
  0x000001ccdba57800 JavaThread "Signal Dispatcher" daemon [_thread_blocked, id=10740, stack(0x0000003478700000,0x0000003478800000)]
  0x000001ccdba5c000 JavaThread "Attach Listener" daemon [_thread_blocked, id=20948, stack(0x0000003478800000,0x0000003478900000)]
  0x000001ccdba5f000 JavaThread "Service Thread" daemon [_thread_blocked, id=18180, stack(0x0000003478900000,0x0000003478a00000)]
=>0x000001ccdba61000 JavaThread "C2 CompilerThread0" daemon [_thread_in_native, id=21796, stack(0x0000003478a00000,0x0000003478b00000)]
  0x000001ccdb1ee800 JavaThread "C1 CompilerThread0" daemon [_thread_blocked, id=9588, stack(0x0000003478b00000,0x0000003478c00000)]
  0x000001ccdb1f9800 JavaThread "Sweeper thread" daemon [_thread_blocked, id=14628, stack(0x0000003478c00000,0x0000003478d00000)]
  0x000001ccdbbd5800 JavaThread "Common-Cleaner" daemon [_thread_blocked, id=19468, stack(0x0000003478e00000,0x0000003478f00000)]

Other Threads:
  0x000001ccdb1b8800 VMThread "VM Thread" [stack: 0x0000003478400000,0x0000003478500000] [id=21712]
  0x000001ccdbbc6800 WatcherThread [stack: 0x0000003478d00000,0x0000003478e00000] [id=3172]
  0x000001ccc0f47000 GCTaskThread "GC Thread#0" [stack: 0x0000003477f00000,0x0000003478000000] [id=1968]
  0x000001ccdc214000 GCTaskThread "GC Thread#1" [stack: 0x0000003478f00000,0x0000003479000000] [id=20704]
  0x000001ccdc214800 GCTaskThread "GC Thread#2" [stack: 0x0000003479000000,0x0000003479100000] [id=15740]
  0x000001ccc0f78000 ConcurrentGCThread "G1 Main Marker" [stack: 0x0000003478000000,0x0000003478100000] [id=21744]
  0x000001ccc0f7e000 ConcurrentGCThread "G1 Conc#0" [stack: 0x0000003478100000,0x0000003478200000] [id=17592]
  0x000001ccdc397000 ConcurrentGCThread "G1 Conc#1" [stack: 0x0000003479100000,0x0000003479200000] [id=2264]
  0x000001ccdb020800 ConcurrentGCThread "G1 Refine#0" [stack: 0x0000003478200000,0x0000003478300000] [id=22228]
  0x000001ccdb023000 ConcurrentGCThread "G1 Young RemSet Sampling" [stack: 0x0000003478300000,0x0000003478400000] [id=13120]

Threads with active compile tasks:
C2 CompilerThread0     3547 2536   !   4       java.net.URL::<init> (543 bytes)

VM state:not at safepoint (normal execution)

VM Mutex/Monitor currently owned by a thread: None

Heap address: 0x0000000083c00000, size: 1988 MB, Compressed Oops mode: 32-bit
Narrow klass base: 0x0000000000000000, Narrow klass shift: 3
Compressed class space size: 1073741824 Address: 0x0000000100000000

Heap:
 garbage-first heap   total 129024K, used 39158K [0x0000000083c00000, 0x0000000100000000)
  region size 1024K, 19 young (19456K), 3 survivors (3072K)
 Metaspace       used 38379K, capacity 38801K, committed 38864K, reserved 1083392K
  class space    used 4677K, capacity 4862K, committed 4864K, reserved 1048576K
Heap Regions: E=young(eden), S=young(survivor), O=old, HS=humongous(starts), HC=humongous(continues), CS=collection set, F=free, A=archive, TAMS=top-at-mark-start (previous, next)
|   0|0x0000000083c00000, 0x0000000083d00000, 0x0000000083d00000|100%|HS|  |TAMS 0x0000000083d00000, 0x0000000083c00000| Complete 
|   1|0x0000000083d00000, 0x0000000083e00000, 0x0000000083e00000|100%|HC|  |TAMS 0x0000000083e00000, 0x0000000083d00000| Complete 
|   2|0x0000000083e00000, 0x0000000083f00000, 0x0000000083f00000|100%|HC|  |TAMS 0x0000000083f00000, 0x0000000083e00000| Complete 
|   3|0x0000000083f00000, 0x0000000084000000, 0x0000000084000000|100%|HC|  |TAMS 0x0000000084000000, 0x0000000083f00000| Complete 
|   4|0x0000000084000000, 0x0000000084100000, 0x0000000084100000|100%| O|  |TAMS 0x0000000084100000, 0x0000000084000000| Untracked 
|   5|0x0000000084100000, 0x0000000084200000, 0x0000000084200000|100%| O|  |TAMS 0x0000000084200000, 0x0000000084100000| Untracked 
|   6|0x0000000084200000, 0x0000000084300000, 0x0000000084300000|100%|HS|  |TAMS 0x0000000084300000, 0x0000000084200000| Complete 
|   7|0x0000000084300000, 0x0000000084400000, 0x0000000084400000|100%|HC|  |TAMS 0x0000000084400000, 0x0000000084300000| Complete 
|   8|0x0000000084400000, 0x0000000084500000, 0x0000000084500000|100%|HC|  |TAMS 0x0000000084500000, 0x0000000084400000| Complete 
|   9|0x0000000084500000, 0x0000000084600000, 0x0000000084600000|100%|HC|  |TAMS 0x0000000084600000, 0x0000000084500000| Complete 
|  10|0x0000000084600000, 0x0000000084600000, 0x0000000084700000|  0%| F|  |TAMS 0x0000000084600000, 0x0000000084600000| Untracked 
|  11|0x0000000084700000, 0x0000000084700000, 0x0000000084800000|  0%| F|  |TAMS 0x0000000084700000, 0x0000000084700000| Untracked 
|  12|0x0000000084800000, 0x0000000084900000, 0x0000000084900000|100%| O|  |TAMS 0x0000000084900000, 0x0000000084800000| Untracked 
|  13|0x0000000084900000, 0x0000000084a00000, 0x0000000084a00000|100%| O|  |TAMS 0x0000000084a00000, 0x0000000084900000| Untracked 
|  14|0x0000000084a00000, 0x0000000084b00000, 0x0000000084b00000|100%| O|  |TAMS 0x0000000084b00000, 0x0000000084a00000| Untracked 
|  15|0x0000000084b00000, 0x0000000084c00000, 0x0000000084c00000|100%| O|  |TAMS 0x0000000084c00000, 0x0000000084b00000| Untracked 
|  16|0x0000000084c00000, 0x0000000084d00000, 0x0000000084d00000|100%| O|  |TAMS 0x0000000084d00000, 0x0000000084c00000| Untracked 
|  17|0x0000000084d00000, 0x0000000084e00000, 0x0000000084e00000|100%| O|  |TAMS 0x0000000084e00000, 0x0000000084d00000| Untracked 
|  18|0x0000000084e00000, 0x0000000084f00000, 0x0000000084f00000|100%| O|  |TAMS 0x0000000084f00000, 0x0000000084e00000| Untracked 
|  19|0x0000000084f00000, 0x0000000085000000, 0x0000000085000000|100%| O|  |TAMS 0x0000000085000000, 0x0000000084f00000| Untracked 
|  20|0x0000000085000000, 0x0000000085100000, 0x0000000085100000|100%| O|  |TAMS 0x0000000085100000, 0x0000000085000000| Untracked 
|  21|0x0000000085100000, 0x0000000085200000, 0x0000000085200000|100%| O|  |TAMS 0x0000000085200000, 0x0000000085100000| Untracked 
|  22|0x0000000085200000, 0x0000000085289800, 0x0000000085300000| 53%| O|  |TAMS 0x0000000085289800, 0x0000000085200000| Untracked 
|  23|0x0000000085300000, 0x0000000085300000, 0x0000000085400000|  0%| F|  |TAMS 0x0000000085300000, 0x0000000085300000| Untracked 
|  24|0x0000000085400000, 0x0000000085400000, 0x0000000085500000|  0%| F|  |TAMS 0x0000000085400000, 0x0000000085400000| Untracked 
|  25|0x0000000085500000, 0x0000000085500000, 0x0000000085600000|  0%| F|  |TAMS 0x0000000085500000, 0x0000000085500000| Untracked 
|  26|0x0000000085600000, 0x0000000085600000, 0x0000000085700000|  0%| F|  |TAMS 0x0000000085600000, 0x0000000085600000| Untracked 
|  27|0x0000000085700000, 0x0000000085700000, 0x0000000085800000|  0%| F|  |TAMS 0x0000000085700000, 0x0000000085700000| Untracked 
|  28|0x0000000085800000, 0x0000000085800000, 0x0000000085900000|  0%| F|  |TAMS 0x0000000085800000, 0x0000000085800000| Untracked 
|  29|0x0000000085900000, 0x0000000085900000, 0x0000000085a00000|  0%| F|  |TAMS 0x0000000085900000, 0x0000000085900000| Untracked 
|  30|0x0000000085a00000, 0x0000000085a00000, 0x0000000085b00000|  0%| F|  |TAMS 0x0000000085a00000, 0x0000000085a00000| Untracked 
|  31|0x0000000085b00000, 0x0000000085b00000, 0x0000000085c00000|  0%| F|  |TAMS 0x0000000085b00000, 0x0000000085b00000| Untracked 
|  32|0x0000000085c00000, 0x0000000085c00000, 0x0000000085d00000|  0%| F|  |TAMS 0x0000000085c00000, 0x0000000085c00000| Untracked 
|  33|0x0000000085d00000, 0x0000000085d00000, 0x0000000085e00000|  0%| F|  |TAMS 0x0000000085d00000, 0x0000000085d00000| Untracked 
|  34|0x0000000085e00000, 0x0000000085e00000, 0x0000000085f00000|  0%| F|  |TAMS 0x0000000085e00000, 0x0000000085e00000| Untracked 
|  35|0x0000000085f00000, 0x0000000085f00000, 0x0000000086000000|  0%| F|  |TAMS 0x0000000085f00000, 0x0000000085f00000| Untracked 
|  36|0x0000000086000000, 0x0000000086000000, 0x0000000086100000|  0%| F|  |TAMS 0x0000000086000000, 0x0000000086000000| Untracked 
|  37|0x0000000086100000, 0x0000000086100000, 0x0000000086200000|  0%| F|  |TAMS 0x0000000086100000, 0x0000000086100000| Untracked 
|  38|0x0000000086200000, 0x0000000086200000, 0x0000000086300000|  0%| F|  |TAMS 0x0000000086200000, 0x0000000086200000| Untracked 
|  39|0x0000000086300000, 0x0000000086300000, 0x0000000086400000|  0%| F|  |TAMS 0x0000000086300000, 0x0000000086300000| Untracked 
|  40|0x0000000086400000, 0x0000000086400000, 0x0000000086500000|  0%| F|  |TAMS 0x0000000086400000, 0x0000000086400000| Untracked 
|  41|0x0000000086500000, 0x0000000086500000, 0x0000000086600000|  0%| F|  |TAMS 0x0000000086500000, 0x0000000086500000| Untracked 
|  42|0x0000000086600000, 0x0000000086600000, 0x0000000086700000|  0%| F|  |TAMS 0x0000000086600000, 0x0000000086600000| Untracked 
|  43|0x0000000086700000, 0x0000000086700000, 0x0000000086800000|  0%| F|  |TAMS 0x0000000086700000, 0x0000000086700000| Untracked 
|  44|0x0000000086800000, 0x0000000086800000, 0x0000000086900000|  0%| F|  |TAMS 0x0000000086800000, 0x0000000086800000| Untracked 
|  45|0x0000000086900000, 0x0000000086900000, 0x0000000086a00000|  0%| F|  |TAMS 0x0000000086900000, 0x0000000086900000| Untracked 
|  46|0x0000000086a00000, 0x0000000086a00000, 0x0000000086b00000|  0%| F|  |TAMS 0x0000000086a00000, 0x0000000086a00000| Untracked 
|  47|0x0000000086b00000, 0x0000000086b00000, 0x0000000086c00000|  0%| F|  |TAMS 0x0000000086b00000, 0x0000000086b00000| Untracked 
|  48|0x0000000086c00000, 0x0000000086c00000, 0x0000000086d00000|  0%| F|  |TAMS 0x0000000086c00000, 0x0000000086c00000| Untracked 
|  49|0x0000000086d00000, 0x0000000086d00000, 0x0000000086e00000|  0%| F|  |TAMS 0x0000000086d00000, 0x0000000086d00000| Untracked 
|  50|0x0000000086e00000, 0x0000000086e00000, 0x0000000086f00000|  0%| F|  |TAMS 0x0000000086e00000, 0x0000000086e00000| Untracked 
|  51|0x0000000086f00000, 0x0000000086f00000, 0x0000000087000000|  0%| F|  |TAMS 0x0000000086f00000, 0x0000000086f00000| Untracked 
|  52|0x0000000087000000, 0x0000000087000000, 0x0000000087100000|  0%| F|  |TAMS 0x0000000087000000, 0x0000000087000000| Untracked 
|  53|0x0000000087100000, 0x0000000087100000, 0x0000000087200000|  0%| F|  |TAMS 0x0000000087100000, 0x0000000087100000| Untracked 
|  54|0x0000000087200000, 0x0000000087200000, 0x0000000087300000|  0%| F|  |TAMS 0x0000000087200000, 0x0000000087200000| Untracked 
|  55|0x0000000087300000, 0x0000000087300000, 0x0000000087400000|  0%| F|  |TAMS 0x0000000087300000, 0x0000000087300000| Untracked 
|  56|0x0000000087400000, 0x0000000087400000, 0x0000000087500000|  0%| F|  |TAMS 0x0000000087400000, 0x0000000087400000| Untracked 
|  57|0x0000000087500000, 0x0000000087500000, 0x0000000087600000|  0%| F|  |TAMS 0x0000000087500000, 0x0000000087500000| Untracked 
|  58|0x0000000087600000, 0x0000000087600000, 0x0000000087700000|  0%| F|  |TAMS 0x0000000087600000, 0x0000000087600000| Untracked 
|  59|0x0000000087700000, 0x0000000087700000, 0x0000000087800000|  0%| F|  |TAMS 0x0000000087700000, 0x0000000087700000| Untracked 
|  60|0x0000000087800000, 0x0000000087800000, 0x0000000087900000|  0%| F|  |TAMS 0x0000000087800000, 0x0000000087800000| Untracked 
|  61|0x0000000087900000, 0x0000000087900000, 0x0000000087a00000|  0%| F|  |TAMS 0x0000000087900000, 0x0000000087900000| Untracked 
|  62|0x0000000087a00000, 0x0000000087a00000, 0x0000000087b00000|  0%| F|  |TAMS 0x0000000087a00000, 0x0000000087a00000| Untracked 
|  63|0x0000000087b00000, 0x0000000087b00000, 0x0000000087c00000|  0%| F|  |TAMS 0x0000000087b00000, 0x0000000087b00000| Untracked 
|  64|0x0000000087c00000, 0x0000000087c00000, 0x0000000087d00000|  0%| F|  |TAMS 0x0000000087c00000, 0x0000000087c00000| Untracked 
|  65|0x0000000087d00000, 0x0000000087d00000, 0x0000000087e00000|  0%| F|  |TAMS 0x0000000087d00000, 0x0000000087d00000| Untracked 
|  66|0x0000000087e00000, 0x0000000087e00000, 0x0000000087f00000|  0%| F|  |TAMS 0x0000000087e00000, 0x0000000087e00000| Untracked 
|  67|0x0000000087f00000, 0x0000000087f00000, 0x0000000088000000|  0%| F|  |TAMS 0x0000000087f00000, 0x0000000087f00000| Untracked 
|  68|0x0000000088000000, 0x0000000088000000, 0x0000000088100000|  0%| F|  |TAMS 0x0000000088000000, 0x0000000088000000| Untracked 
|  69|0x0000000088100000, 0x0000000088100000, 0x0000000088200000|  0%| F|  |TAMS 0x0000000088100000, 0x0000000088100000| Untracked 
|  70|0x0000000088200000, 0x0000000088200000, 0x0000000088300000|  0%| F|  |TAMS 0x0000000088200000, 0x0000000088200000| Untracked 
|  71|0x0000000088300000, 0x0000000088300000, 0x0000000088400000|  0%| F|  |TAMS 0x0000000088300000, 0x0000000088300000| Untracked 
|  72|0x0000000088400000, 0x0000000088400000, 0x0000000088500000|  0%| F|  |TAMS 0x0000000088400000, 0x0000000088400000| Untracked 
|  73|0x0000000088500000, 0x0000000088500000, 0x0000000088600000|  0%| F|  |TAMS 0x0000000088500000, 0x0000000088500000| Untracked 
|  74|0x0000000088600000, 0x0000000088600000, 0x0000000088700000|  0%| F|  |TAMS 0x0000000088600000, 0x0000000088600000| Untracked 
|  75|0x0000000088700000, 0x0000000088700000, 0x0000000088800000|  0%| F|  |TAMS 0x0000000088700000, 0x0000000088700000| Untracked 
|  76|0x0000000088800000, 0x0000000088800000, 0x0000000088900000|  0%| F|  |TAMS 0x0000000088800000, 0x0000000088800000| Untracked 
|  77|0x0000000088900000, 0x0000000088900000, 0x0000000088a00000|  0%| F|  |TAMS 0x0000000088900000, 0x0000000088900000| Untracked 
|  78|0x0000000088a00000, 0x0000000088a00000, 0x0000000088b00000|  0%| F|  |TAMS 0x0000000088a00000, 0x0000000088a00000| Untracked 
|  79|0x0000000088b00000, 0x0000000088b00000, 0x0000000088c00000|  0%| F|  |TAMS 0x0000000088b00000, 0x0000000088b00000| Untracked 
|  80|0x0000000088c00000, 0x0000000088c00000, 0x0000000088d00000|  0%| F|  |TAMS 0x0000000088c00000, 0x0000000088c00000| Untracked 
|  81|0x0000000088d00000, 0x0000000088d00000, 0x0000000088e00000|  0%| F|  |TAMS 0x0000000088d00000, 0x0000000088d00000| Untracked 
|  82|0x0000000088e00000, 0x0000000088e00000, 0x0000000088f00000|  0%| F|  |TAMS 0x0000000088e00000, 0x0000000088e00000| Untracked 
|  83|0x0000000088f00000, 0x0000000088f00000, 0x0000000089000000|  0%| F|  |TAMS 0x0000000088f00000, 0x0000000088f00000| Untracked 
|  84|0x0000000089000000, 0x0000000089000000, 0x0000000089100000|  0%| F|  |TAMS 0x0000000089000000, 0x0000000089000000| Untracked 
|  85|0x0000000089100000, 0x0000000089100000, 0x0000000089200000|  0%| F|  |TAMS 0x0000000089100000, 0x0000000089100000| Untracked 
|  86|0x0000000089200000, 0x0000000089200000, 0x0000000089300000|  0%| F|  |TAMS 0x0000000089200000, 0x0000000089200000| Untracked 
|  87|0x0000000089300000, 0x0000000089300000, 0x0000000089400000|  0%| F|  |TAMS 0x0000000089300000, 0x0000000089300000| Untracked 
|  88|0x0000000089400000, 0x0000000089400000, 0x0000000089500000|  0%| F|  |TAMS 0x0000000089400000, 0x0000000089400000| Untracked 
|  89|0x0000000089500000, 0x0000000089500000, 0x0000000089600000|  0%| F|  |TAMS 0x0000000089500000, 0x0000000089500000| Untracked 
|  90|0x0000000089600000, 0x0000000089600000, 0x0000000089700000|  0%| F|  |TAMS 0x0000000089600000, 0x0000000089600000| Untracked 
|  91|0x0000000089700000, 0x0000000089700000, 0x0000000089800000|  0%| F|  |TAMS 0x0000000089700000, 0x0000000089700000| Untracked 
|  92|0x0000000089800000, 0x0000000089800000, 0x0000000089900000|  0%| F|  |TAMS 0x0000000089800000, 0x0000000089800000| Untracked 
|  93|0x0000000089900000, 0x0000000089900000, 0x0000000089a00000|  0%| F|  |TAMS 0x0000000089900000, 0x0000000089900000| Untracked 
|  94|0x0000000089a00000, 0x0000000089a00000, 0x0000000089b00000|  0%| F|  |TAMS 0x0000000089a00000, 0x0000000089a00000| Untracked 
|  95|0x0000000089b00000, 0x0000000089b00000, 0x0000000089c00000|  0%| F|  |TAMS 0x0000000089b00000, 0x0000000089b00000| Untracked 
|  96|0x0000000089c00000, 0x0000000089c00000, 0x0000000089d00000|  0%| F|  |TAMS 0x0000000089c00000, 0x0000000089c00000| Untracked 
|  97|0x0000000089d00000, 0x0000000089d00000, 0x0000000089e00000|  0%| F|  |TAMS 0x0000000089d00000, 0x0000000089d00000| Untracked 
|  98|0x0000000089e00000, 0x0000000089e00000, 0x0000000089f00000|  0%| F|  |TAMS 0x0000000089e00000, 0x0000000089e00000| Untracked 
|  99|0x0000000089f00000, 0x0000000089f00000, 0x000000008a000000|  0%| F|  |TAMS 0x0000000089f00000, 0x0000000089f00000| Untracked 
| 100|0x000000008a000000, 0x000000008a000000, 0x000000008a100000|  0%| F|  |TAMS 0x000000008a000000, 0x000000008a000000| Untracked 
| 101|0x000000008a100000, 0x000000008a100000, 0x000000008a200000|  0%| F|  |TAMS 0x000000008a100000, 0x000000008a100000| Untracked 
| 102|0x000000008a200000, 0x000000008a200000, 0x000000008a300000|  0%| F|  |TAMS 0x000000008a200000, 0x000000008a200000| Untracked 
| 103|0x000000008a300000, 0x000000008a300000, 0x000000008a400000|  0%| F|  |TAMS 0x000000008a300000, 0x000000008a300000| Untracked 
| 104|0x000000008a400000, 0x000000008a400000, 0x000000008a500000|  0%| F|  |TAMS 0x000000008a400000, 0x000000008a400000| Untracked 
| 105|0x000000008a500000, 0x000000008a5b4040, 0x000000008a600000| 70%| S|CS|TAMS 0x000000008a500000, 0x000000008a500000| Complete 
| 106|0x000000008a600000, 0x000000008a700000, 0x000000008a700000|100%| S|CS|TAMS 0x000000008a600000, 0x000000008a600000| Complete 
| 107|0x000000008a700000, 0x000000008a800000, 0x000000008a800000|100%| S|CS|TAMS 0x000000008a700000, 0x000000008a700000| Complete 
| 108|0x000000008a800000, 0x000000008a800000, 0x000000008a900000|  0%| F|  |TAMS 0x000000008a800000, 0x000000008a800000| Untracked 
| 109|0x000000008a900000, 0x000000008a900000, 0x000000008aa00000|  0%| F|  |TAMS 0x000000008a900000, 0x000000008a900000| Untracked 
| 110|0x000000008aa00000, 0x000000008ab00000, 0x000000008ab00000|100%| E|  |TAMS 0x000000008aa00000, 0x000000008aa00000| Complete 
| 111|0x000000008ab00000, 0x000000008ac00000, 0x000000008ac00000|100%| E|CS|TAMS 0x000000008ab00000, 0x000000008ab00000| Complete 
| 112|0x000000008ac00000, 0x000000008ad00000, 0x000000008ad00000|100%| E|CS|TAMS 0x000000008ac00000, 0x000000008ac00000| Complete 
| 113|0x000000008ad00000, 0x000000008ae00000, 0x000000008ae00000|100%| E|CS|TAMS 0x000000008ad00000, 0x000000008ad00000| Complete 
| 114|0x000000008ae00000, 0x000000008af00000, 0x000000008af00000|100%| E|CS|TAMS 0x000000008ae00000, 0x000000008ae00000| Complete 
| 115|0x000000008af00000, 0x000000008b000000, 0x000000008b000000|100%| E|CS|TAMS 0x000000008af00000, 0x000000008af00000| Complete 
| 116|0x000000008b000000, 0x000000008b100000, 0x000000008b100000|100%| E|CS|TAMS 0x000000008b000000, 0x000000008b000000| Complete 
| 117|0x000000008b100000, 0x000000008b200000, 0x000000008b200000|100%| E|CS|TAMS 0x000000008b100000, 0x000000008b100000| Complete 
| 118|0x000000008b200000, 0x000000008b300000, 0x000000008b300000|100%| E|CS|TAMS 0x000000008b200000, 0x000000008b200000| Complete 
| 119|0x000000008b300000, 0x000000008b400000, 0x000000008b400000|100%| E|CS|TAMS 0x000000008b300000, 0x000000008b300000| Complete 
| 120|0x000000008b400000, 0x000000008b500000, 0x000000008b500000|100%| E|CS|TAMS 0x000000008b400000, 0x000000008b400000| Complete 
| 121|0x000000008b500000, 0x000000008b600000, 0x000000008b600000|100%| E|CS|TAMS 0x000000008b500000, 0x000000008b500000| Complete 
| 122|0x000000008b600000, 0x000000008b700000, 0x000000008b700000|100%| E|CS|TAMS 0x000000008b600000, 0x000000008b600000| Complete 
| 123|0x000000008b700000, 0x000000008b800000, 0x000000008b800000|100%| E|CS|TAMS 0x000000008b700000, 0x000000008b700000| Complete 
| 124|0x000000008b800000, 0x000000008b900000, 0x000000008b900000|100%| E|CS|TAMS 0x000000008b800000, 0x000000008b800000| Complete 
| 125|0x000000008b900000, 0x000000008ba00000, 0x000000008ba00000|100%| E|CS|TAMS 0x000000008b900000, 0x000000008b900000| Complete 

Card table byte_map: [0x000001ccd4180000,0x000001ccd4570000] _byte_map_base: 0x000001ccd3d62000

Marking Bits (Prev, Next): (CMBitMap*) 0x000001ccc0f6f428, (CMBitMap*) 0x000001ccc0f6f460
 Prev Bits: [0x000001ccd4960000, 0x000001ccd6870000)
 Next Bits: [0x000001ccd6870000, 0x000001ccd8780000)

Polling page: 0x000001ccc0700000

Metaspace:

Usage:
  Non-class:     33.27 MB capacity,    32.99 MB (>99%) used,   225.28 KB ( <1%) free+waste,    55.25 KB ( <1%) overhead. 
      Class:      4.75 MB capacity,     4.57 MB ( 96%) used,   152.26 KB (  3%) free+waste,    25.38 KB ( <1%) overhead. 
       Both:     38.02 MB capacity,    37.57 MB ( 99%) used,   377.54 KB ( <1%) free+waste,    80.62 KB ( <1%) overhead. 

Virtual space:
  Non-class space:       34.00 MB reserved,      33.45 MB ( 98%) committed 
      Class space:        1.00 GB reserved,       4.75 MB ( <1%) committed 
             Both:        1.03 GB reserved,      38.20 MB (  4%) committed 

Chunk freelists:
   Non-Class:  61.00 KB
       Class:  2.00 KB
        Both:  63.00 KB

MaxMetaspaceSize: 17179869184.00 GB
CompressedClassSpaceSize: 1.00 GB
Initial GC threshold: 20.80 MB
Current GC threshold: 59.09 MB
CDS: off

CodeHeap 'non-profiled nmethods': size=120000Kb used=925Kb max_used=925Kb free=119075Kb
 bounds [0x000001cccc520000, 0x000001cccc790000, 0x000001ccd3a50000]
CodeHeap 'profiled nmethods': size=120000Kb used=5418Kb max_used=5418Kb free=114581Kb
 bounds [0x000001ccc4ff0000, 0x000001ccc5540000, 0x000001cccc520000]
CodeHeap 'non-nmethods': size=5760Kb used=1249Kb max_used=1294Kb free=4510Kb
 bounds [0x000001ccc4a50000, 0x000001ccc4cc0000, 0x000001ccc4ff0000]
 total_blobs=3117 nmethods=2587 adapters=442
 compilation: enabled
              stopped_count=0, restarted_count=0
 full_count=0

Compilation events (20 events):
Event: 3.485 Thread 0x000001ccdb1ee800 2596   !   3       com.sun.proxy.$Proxy1::annotationType (29 bytes)
Event: 3.485 Thread 0x000001ccdb1ee800 nmethod 2596 0x000001ccc5530f10 code [0x000001ccc5531100, 0x000001ccc55314d8]
Event: 3.486 Thread 0x000001ccdb1ee800 2597       3       sun.reflect.annotation.AnnotationParser::parseAnnotations2 (135 bytes)
Event: 3.489 Thread 0x000001ccdb1ee800 nmethod 2597 0x000001ccc5531690 code [0x000001ccc5531a80, 0x000001ccc5533438]
Event: 3.489 Thread 0x000001ccdb1ee800 2598       3       kotlin.sequences.GeneratorSequence::<init> (27 bytes)
Event: 3.490 Thread 0x000001ccdb1ee800 nmethod 2598 0x000001ccc5533f90 code [0x000001ccc5534240, 0x000001ccc5534d78]
Event: 3.496 Thread 0x000001ccdb1ee800 2599       3       java.lang.Class::getDeclaringClass (31 bytes)
Event: 3.497 Thread 0x000001ccdb1ee800 nmethod 2599 0x000001ccc5535190 code [0x000001ccc5535380, 0x000001ccc55356e8]
Event: 3.499 Thread 0x000001ccdb1ee800 2601       3       kotlin.collections.CollectionsKt___CollectionsKt::single (76 bytes)
Event: 3.500 Thread 0x000001ccdb1ee800 nmethod 2601 0x000001ccc5535890 code [0x000001ccc5535b60, 0x000001ccc5536868]
Event: 3.501 Thread 0x000001ccdb1ee800 2602       3       com.sun.proxy.$Proxy1::<init> (6 bytes)
Event: 3.502 Thread 0x000001ccdb1ee800 nmethod 2602 0x000001ccc5536c10 code [0x000001ccc5536de0, 0x000001ccc5537168]
Event: 3.505 Thread 0x000001ccdb1ee800 2603       3       org.jetbrains.kotlin.container.CacheKt::getInfo (14 bytes)
Event: 3.506 Thread 0x000001ccdb1ee800 nmethod 2603 0x000001ccc5537310 code [0x000001ccc5537540, 0x000001ccc5537ac8]
Event: 3.506 Thread 0x000001ccdb1ee800 2604       3       org.jetbrains.kotlin.container.ClassTraversalCache::getClassInfo (43 bytes)
Event: 3.507 Thread 0x000001ccdb1ee800 nmethod 2604 0x000001ccc5537d10 code [0x000001ccc5538020, 0x000001ccc5538f88]
Event: 3.508 Thread 0x000001ccdb1ee800 2605       3       java.util.LinkedHashSet::<init> (10 bytes)
Event: 3.509 Thread 0x000001ccdb1ee800 nmethod 2605 0x000001ccc5539510 code [0x000001ccc5539720, 0x000001ccc5539b28]
Event: 3.517 Thread 0x000001ccdb1ee800 2606       1       java.lang.reflect.Constructor::getSignature (5 bytes)
Event: 3.517 Thread 0x000001ccdb1ee800 nmethod 2606 0x000001cccc607110 code [0x000001cccc6072c0, 0x000001cccc607378]

GC Heap History (8 events):
Event: 1.167 GC heap before
{Heap before GC invocations=0 (full 0):
 garbage-first heap   total 129024K, used 28672K [0x0000000083c00000, 0x0000000100000000)
  region size 1024K, 24 young (24576K), 0 survivors (0K)
 Metaspace       used 12332K, capacity 12458K, committed 12672K, reserved 1060864K
  class space    used 1103K, capacity 1149K, committed 1152K, reserved 1048576K
}
Event: 1.171 GC heap after
{Heap after GC invocations=1 (full 0):
 garbage-first heap   total 129024K, used 7330K [0x0000000083c00000, 0x0000000100000000)
  region size 1024K, 3 young (3072K), 3 survivors (3072K)
 Metaspace       used 12332K, capacity 12458K, committed 12672K, reserved 1060864K
  class space    used 1103K, capacity 1149K, committed 1152K, reserved 1048576K
}
Event: 1.793 GC heap before
{Heap before GC invocations=1 (full 0):
 garbage-first heap   total 129024K, used 44194K [0x0000000083c00000, 0x0000000100000000)
  region size 1024K, 40 young (40960K), 3 survivors (3072K)
 Metaspace       used 21001K, capacity 21191K, committed 21248K, reserved 1069056K
  class space    used 2216K, capacity 2301K, committed 2304K, reserved 1048576K
}
Event: 1.815 GC heap after
{Heap after GC invocations=2 (full 0):
 garbage-first heap   total 129024K, used 11243K [0x0000000083c00000, 0x0000000100000000)
  region size 1024K, 7 young (7168K), 7 survivors (7168K)
 Metaspace       used 21001K, capacity 21191K, committed 21248K, reserved 1069056K
  class space    used 2216K, capacity 2301K, committed 2304K, reserved 1048576K
}
Event: 2.804 GC heap before
{Heap before GC invocations=3 (full 0):
 garbage-first heap   total 129024K, used 65515K [0x0000000083c00000, 0x0000000100000000)
  region size 1024K, 54 young (55296K), 7 survivors (7168K)
 Metaspace       used 32058K, capacity 32483K, committed 32636K, reserved 1077248K
  class space    used 3980K, capacity 4145K, committed 4224K, reserved 1048576K
}
Event: 2.825 GC heap after
{Heap after GC invocations=4 (full 0):
 garbage-first heap   total 129024K, used 23498K [0x0000000083c00000, 0x0000000100000000)
  region size 1024K, 7 young (7168K), 7 survivors (7168K)
 Metaspace       used 32058K, capacity 32483K, committed 32636K, reserved 1077248K
  class space    used 3980K, capacity 4145K, committed 4224K, reserved 1048576K
}
Event: 3.129 GC heap before
{Heap before GC invocations=4 (full 0):
 garbage-first heap   total 129024K, used 40906K [0x0000000083c00000, 0x0000000100000000)
  region size 1024K, 25 young (25600K), 7 survivors (7168K)
 Metaspace       used 35539K, capacity 35955K, committed 36048K, reserved 1081344K
  class space    used 4369K, capacity 4535K, committed 4608K, reserved 1048576K
}
Event: 3.140 GC heap after
{Heap after GC invocations=5 (full 0):
 garbage-first heap   total 129024K, used 23798K [0x0000000083c00000, 0x0000000100000000)
  region size 1024K, 3 young (3072K), 3 survivors (3072K)
 Metaspace       used 35539K, capacity 35955K, committed 36048K, reserved 1081344K
  class space    used 4369K, capacity 4535K, committed 4608K, reserved 1048576K
}

Deoptimization events (20 events):
Event: 3.095 Thread 0x000001ccc0f2f800 Uncommon trap: trap_request=0xffffffde fr.pc=0x000001cccc5f1608 relative=0x0000000000000488
Event: 3.095 Thread 0x000001ccc0f2f800 Uncommon trap: reason=class_check action=maybe_recompile pc=0x000001cccc5f1608 method=org.jetbrains.kotlin.protobuf.CodedInputStream.tryRefillBuffer(I)Z @ 177 c2
Event: 3.096 Thread 0x000001ccc0f2f800 DEOPT PACKING pc=0x000001cccc5f1608 sp=0x0000003477efddf0
Event: 3.096 Thread 0x000001ccc0f2f800 DEOPT UNPACKING pc=0x000001ccc4a9a1af sp=0x0000003477efdcd8 mode 2
Event: 3.096 Thread 0x000001ccc0f2f800 Uncommon trap: trap_request=0xffffffde fr.pc=0x000001cccc5f1608 relative=0x0000000000000488
Event: 3.096 Thread 0x000001ccc0f2f800 Uncommon trap: reason=class_check action=maybe_recompile pc=0x000001cccc5f1608 method=org.jetbrains.kotlin.protobuf.CodedInputStream.tryRefillBuffer(I)Z @ 177 c2
Event: 3.096 Thread 0x000001ccc0f2f800 DEOPT PACKING pc=0x000001cccc5f1608 sp=0x0000003477efddf0
Event: 3.096 Thread 0x000001ccc0f2f800 DEOPT UNPACKING pc=0x000001ccc4a9a1af sp=0x0000003477efdcd8 mode 2
Event: 3.097 Thread 0x000001ccc0f2f800 Uncommon trap: trap_request=0xffffffde fr.pc=0x000001cccc5f1608 relative=0x0000000000000488
Event: 3.097 Thread 0x000001ccc0f2f800 Uncommon trap: reason=class_check action=maybe_recompile pc=0x000001cccc5f1608 method=org.jetbrains.kotlin.protobuf.CodedInputStream.tryRefillBuffer(I)Z @ 177 c2
Event: 3.097 Thread 0x000001ccc0f2f800 DEOPT PACKING pc=0x000001cccc5f1608 sp=0x0000003477efddf0
Event: 3.097 Thread 0x000001ccc0f2f800 DEOPT UNPACKING pc=0x000001ccc4a9a1af sp=0x0000003477efdcd8 mode 2
Event: 3.098 Thread 0x000001ccc0f2f800 Uncommon trap: trap_request=0xffffffde fr.pc=0x000001cccc5f1608 relative=0x0000000000000488
Event: 3.098 Thread 0x000001ccc0f2f800 Uncommon trap: reason=class_check action=maybe_recompile pc=0x000001cccc5f1608 method=org.jetbrains.kotlin.protobuf.CodedInputStream.tryRefillBuffer(I)Z @ 177 c2
Event: 3.098 Thread 0x000001ccc0f2f800 DEOPT PACKING pc=0x000001cccc5f1608 sp=0x0000003477efddf0
Event: 3.098 Thread 0x000001ccc0f2f800 DEOPT UNPACKING pc=0x000001ccc4a9a1af sp=0x0000003477efdcd8 mode 2
Event: 3.227 Thread 0x000001ccc0f2f800 Uncommon trap: trap_request=0xffffff4d fr.pc=0x000001cccc554d78 relative=0x00000000000003b8
Event: 3.227 Thread 0x000001ccc0f2f800 Uncommon trap: reason=unstable_if action=reinterpret pc=0x000001cccc554d78 method=java.util.concurrent.ConcurrentHashMap.get(Ljava/lang/Object;)Ljava/lang/Object; @ 76 c2
Event: 3.227 Thread 0x000001ccc0f2f800 DEOPT PACKING pc=0x000001cccc554d78 sp=0x0000003477ef9fa0
Event: 3.227 Thread 0x000001ccc0f2f800 DEOPT UNPACKING pc=0x000001ccc4a9a1af sp=0x0000003477ef9f28 mode 2

Classes redefined (0 events):
No events

Internal exceptions (20 events):
Event: 1.565 Thread 0x000001ccc0f2f800 Exception <a 'java/lang/NoSuchMethodError'{0x0000000089e51408}: 'long java.lang.invoke.DelegatingMethodHandle$Holder.reinvoke_L(java.lang.Object, java.lang.Object, java.lang.Object)'> (0x0000000089e51408) thrown at [src/hotspot/share/interpreter/linkResolver.cpp, line 773]
Event: 1.566 Thread 0x000001ccc0f2f800 Exception <a 'java/lang/NoSuchMethodError'{0x0000000089e5b0c8}: 'int java.lang.invoke.DirectMethodHandle$Holder.invokeSpecial(java.lang.Object, java.lang.Object, java.lang.Object, java.lang.Object)'> (0x0000000089e5b0c8) thrown at [src/hotspot/share/interpreter/linkResolver.cpp, line 773]
Event: 1.567 Thread 0x000001ccc0f2f800 Exception <a 'java/lang/NoSuchMethodError'{0x0000000089e69ea8}: 'int java.lang.invoke.DelegatingMethodHandle$Holder.reinvoke_L(java.lang.Object, java.lang.Object, java.lang.Object, long, int)'> (0x0000000089e69ea8) thrown at [src/hotspot/share/interpreter/linkResolver.cpp, line 773]
Event: 1.770 Thread 0x000001ccc0f2f800 Exception <a 'java/lang/NoSuchMethodError'{0x00000000893925d8}: 'java.lang.Object java.lang.invoke.DirectMethodHandle$Holder.invokeStaticInit(java.lang.Object, int)'> (0x00000000893925d8) thrown at [src/hotspot/share/interpreter/linkResolver.cpp, line 773]
Event: 1.849 Thread 0x000001ccc0f2f800 Exception <a 'java/lang/NoSuchMethodError'{0x000000008b9ba130}: 'long java.lang.invoke.DirectMethodHandle$Holder.invokeStatic(java.lang.Object)'> (0x000000008b9ba130) thrown at [src/hotspot/share/interpreter/linkResolver.cpp, line 773]
Event: 1.849 Thread 0x000001ccc0f2f800 Exception <a 'java/lang/NoSuchMethodError'{0x000000008b9bcf88}: 'long java.lang.invoke.DirectMethodHandle$Holder.invokeStaticInit(java.lang.Object)'> (0x000000008b9bcf88) thrown at [src/hotspot/share/interpreter/linkResolver.cpp, line 773]
Event: 1.897 Thread 0x000001ccc0f2f800 Exception <a 'java/lang/NoSuchMethodError'{0x000000008b72ddd8}: 'int java.lang.invoke.DirectMethodHandle$Holder.invokeSpecialIFC(java.lang.Object, java.lang.Object, int)'> (0x000000008b72ddd8) thrown at [src/hotspot/share/interpreter/linkResolver.cpp, line 773]
Event: 1.961 Thread 0x000001ccc0f2f800 Exception <a 'java/lang/NoSuchMethodError'{0x000000008b43cc20}: 'int java.lang.invoke.DirectMethodHandle$Holder.invokeStaticInit(java.lang.Object, java.lang.Object, java.lang.Object)'> (0x000000008b43cc20) thrown at [src/hotspot/share/interpreter/linkResolver.cpp, line 773]
Event: 1.964 Thread 0x000001ccc0f2f800 Exception <a 'java/lang/NoSuchMethodError'{0x000000008b4682d0}: 'int java.lang.invoke.DirectMethodHandle$Holder.invokeStaticInit(java.lang.Object, java.lang.Object)'> (0x000000008b4682d0) thrown at [src/hotspot/share/interpreter/linkResolver.cpp, line 773]
Event: 2.005 Thread 0x000001ccc0f2f800 Exception <a 'java/lang/NoSuchMethodError'{0x000000008b27a068}: 'void java.lang.invoke.DirectMethodHandle$Holder.invokeSpecial(java.lang.Object, java.lang.Object)'> (0x000000008b27a068) thrown at [src/hotspot/share/interpreter/linkResolver.cpp, line 773]
Event: 2.169 Thread 0x000001ccc0f2f800 Exception <a 'java/lang/NoSuchMethodError'{0x000000008aaee640}: 'java.lang.Object java.lang.invoke.DirectMethodHandle$Holder.invokeStatic(java.lang.Object, java.lang.Object, java.lang.Object, java.lang.Object, java.lang.Object, java.lang.Object, java.lang.Object, java.lang.Object, java.lang.Object, java.lang.Object, java.lang.Object, java.lang.Object, java.lang.Object, java.lang.Object, java.lang.Object)'> (0x000000008aaee640) thrown at [src/hotspot/share/interpreter/linkResolver.cpp, line 773]
Event: 2.170 Thread 0x000001ccc0f2f800 Exception <a 'java/lang/NoSuchMethodError'{0x000000008aafc648}: 'java.lang.Object java.lang.invoke.DirectMethodHandle$Holder.invokeStatic(java.lang.Object, java.lang.Object, java.lang.Object, java.lang.Object, java.lang.Object, java.lang.Object, java.lang.Object, java.lang.Object, java.lang.Object, java.lang.Object, java.lang.Object, java.lang.Object, java.lang.Object, java.lang.Object, java.lang.Object, java.lang.Object)'> (0x000000008aafc648) thrown at [src/hotspot/share/interpreter/linkResolver.cpp, lin
Event: 2.171 Thread 0x000001ccc0f2f800 Exception <a 'java/lang/NoSuchMethodError'{0x000000008a90aa38}: 'java.lang.Object java.lang.invoke.DirectMethodHandle$Holder.invokeSpecial(java.lang.Object, java.lang.Object, int, int, java.lang.Object, java.lang.Object, java.lang.Object)'> (0x000000008a90aa38) thrown at [src/hotspot/share/interpreter/linkResolver.cpp, line 773]
Event: 2.171 Thread 0x000001ccc0f2f800 Exception <a 'java/lang/NoSuchMethodError'{0x000000008a90e270}: 'java.lang.Object java.lang.invoke.DelegatingMethodHandle$Holder.reinvoke_L(java.lang.Object, int, int, java.lang.Object, java.lang.Object, java.lang.Object)'> (0x000000008a90e270) thrown at [src/hotspot/share/interpreter/linkResolver.cpp, line 773]
Event: 2.172 Thread 0x000001ccc0f2f800 Exception <a 'java/lang/NoSuchMethodError'{0x000000008a9125f8}: 'java.lang.Object java.lang.invoke.DirectMethodHandle$Holder.invokeStatic(java.lang.Object, java.lang.Object, java.lang.Object, java.lang.Object, int)'> (0x000000008a9125f8) thrown at [src/hotspot/share/interpreter/linkResolver.cpp, line 773]
Event: 2.209 Thread 0x000001ccc0f2f800 Exception <a 'java/lang/NoSuchMethodError'{0x000000008a837220}: 'void java.lang.invoke.DirectMethodHandle$Holder.invokeStatic(java.lang.Object, java.lang.Object, java.lang.Object, java.lang.Object)'> (0x000000008a837220) thrown at [src/hotspot/share/interpreter/linkResolver.cpp, line 773]
Event: 2.261 Thread 0x000001ccc0f2f800 Exception <a 'java/lang/NoSuchMethodError'{0x000000008a424750}: 'void java.lang.invoke.DirectMethodHandle$Holder.invokeStaticInit(java.lang.Object, java.lang.Object)'> (0x000000008a424750) thrown at [src/hotspot/share/interpreter/linkResolver.cpp, line 773]
Event: 2.342 Thread 0x000001ccc0f2f800 Exception <a 'java/lang/NoSuchMethodError'{0x000000008a066a28}: 'void java.lang.invoke.DirectMethodHandle$Holder.invokeVirtual(java.lang.Object, java.lang.Object)'> (0x000000008a066a28) thrown at [src/hotspot/share/interpreter/linkResolver.cpp, line 773]
Event: 2.362 Thread 0x000001ccc0f2f800 Exception <a 'java/lang/NoSuchMethodError'{0x0000000089f330a0}: 'int java.lang.invoke.DirectMethodHandle$Holder.invokeVirtual(java.lang.Object, java.lang.Object)'> (0x0000000089f330a0) thrown at [src/hotspot/share/interpreter/linkResolver.cpp, line 773]
Event: 3.087 Thread 0x000001ccc0f2f800 Exception <a 'java/lang/NoSuchMethodError'{0x000000008abe59b8}: 'java.lang.Object java.lang.invoke.DirectMethodHandle$Holder.invokeVirtual(java.lang.Object, java.lang.Object, java.lang.Object)'> (0x000000008abe59b8) thrown at [src/hotspot/share/interpreter/linkResolver.cpp, line 773]

Events (20 events):
Event: 3.512 loading class org/jetbrains/kotlin/resolve/scopes/ImportingScope
Event: 3.512 loading class org/jetbrains/kotlin/resolve/scopes/ImportingScope done
Event: 3.514 loading class org/jetbrains/kotlin/resolve/QualifiedExpressionResolver$QualifierPart
Event: 3.514 loading class org/jetbrains/kotlin/resolve/QualifiedExpressionResolver$QualifierPart done
Event: 3.514 loading class org/jetbrains/kotlin/resolve/QualifierPosition
Event: 3.514 loading class org/jetbrains/kotlin/resolve/QualifierPosition done
Event: 3.514 loading class org/jetbrains/kotlin/resolve/scopes/receivers/Qualifier
Event: 3.514 loading class org/jetbrains/kotlin/resolve/scopes/receivers/Qualifier done
Event: 3.515 loading class org/jetbrains/kotlin/resolve/scopes/receivers/QualifierReceiver
Event: 3.515 loading class org/jetbrains/kotlin/resolve/scopes/receivers/QualifierReceiver done
Event: 3.515 loading class org/jetbrains/kotlin/resolve/scopes/receivers/DetailedReceiver
Event: 3.515 loading class org/jetbrains/kotlin/resolve/scopes/receivers/DetailedReceiver done
Event: 3.515 loading class org/jetbrains/kotlin/resolve/QualifiedExpressionResolver$QualifiedExpressionResolveResult
Event: 3.515 loading class org/jetbrains/kotlin/resolve/QualifiedExpressionResolver$QualifiedExpressionResolveResult done
Event: 3.515 loading class org/jetbrains/kotlin/incremental/KotlinLookupLocation
Event: 3.515 loading class org/jetbrains/kotlin/incremental/KotlinLookupLocation done
Event: 3.516 loading class org/jetbrains/kotlin/resolve/QualifiedExpressionResolver$TypeQualifierResolutionResult
Event: 3.516 loading class org/jetbrains/kotlin/resolve/QualifiedExpressionResolver$TypeQualifierResolutionResult done
Event: 3.518 loading class org/jetbrains/kotlin/descriptors/TypeAliasDescriptor
Event: 3.518 loading class org/jetbrains/kotlin/descriptors/TypeAliasDescriptor done


Dynamic libraries:
0x00007ff75a3a0000 - 0x00007ff75a3aa000 	C:\Program Files\Android\Android Studio\jbr\bin\java.exe
0x00007ffbf3dd0000 - 0x00007ffbf3fe4000 	C:\WINDOWS\SYSTEM32\ntdll.dll
0x00007ffbf3430000 - 0x00007ffbf34f3000 	C:\WINDOWS\System32\KERNEL32.DLL
0x00007ffbf1670000 - 0x00007ffbf1a0c000 	C:\WINDOWS\System32\KERNELBASE.dll
0x00007ffbf1a90000 - 0x00007ffbf1ba1000 	C:\WINDOWS\System32\ucrtbase.dll
0x00007ffbe63c0000 - 0x00007ffbe63d7000 	C:\Program Files\Android\Android Studio\jbr\bin\jli.dll
0x00007ffbe61f0000 - 0x00007ffbe620b000 	C:\Program Files\Android\Android Studio\jbr\bin\VCRUNTIME140.dll
0x00007ffbf24a0000 - 0x00007ffbf264d000 	C:\WINDOWS\System32\USER32.dll
0x00007ffbf1bb0000 - 0x00007ffbf1bd6000 	C:\WINDOWS\System32\win32u.dll
0x00007ffbde420000 - 0x00007ffbde6ae000 	C:\WINDOWS\WinSxS\amd64_microsoft.windows.common-controls_6595b64144ccf1df_6.0.22621.608_none_a9444ca7c10bb01d\COMCTL32.dll
0x00007ffbf2830000 - 0x00007ffbf2859000 	C:\WINDOWS\System32\GDI32.dll
0x00007ffbf1be0000 - 0x00007ffbf1c87000 	C:\WINDOWS\System32\msvcrt.dll
0x00007ffbf1490000 - 0x00007ffbf15a2000 	C:\WINDOWS\System32\gdi32full.dll
0x00007ffbf1380000 - 0x00007ffbf141a000 	C:\WINDOWS\System32\msvcp_win.dll
0x00007ffbf3870000 - 0x00007ffbf38a2000 	C:\WINDOWS\System32\IMM32.DLL
0x00007ffbdfd00000 - 0x00007ffbdfd8d000 	C:\Program Files\Android\Android Studio\jbr\bin\msvcp140.dll
0x00007ffbd7410000 - 0x00007ffbd741c000 	C:\WINDOWS\SYSTEM32\VCRUNTIME140_1.dll
0x00007ffb81fb0000 - 0x00007ffb82b6c000 	C:\Program Files\Android\Android Studio\jbr\bin\server\jvm.dll
0x00007ffbf3700000 - 0x00007ffbf37ae000 	C:\WINDOWS\System32\ADVAPI32.dll
0x00007ffbf1c90000 - 0x00007ffbf1d34000 	C:\WINDOWS\System32\sechost.dll
0x00007ffbf2380000 - 0x00007ffbf2495000 	C:\WINDOWS\System32\RPCRT4.dll
0x00007ffbf2370000 - 0x00007ffbf2378000 	C:\WINDOWS\System32\PSAPI.DLL
0x00007ffbe6160000 - 0x00007ffbe6194000 	C:\WINDOWS\SYSTEM32\WINMM.dll
0x00007ffbe6d40000 - 0x00007ffbe6d4a000 	C:\WINDOWS\SYSTEM32\VERSION.dll
0x00007ffbd1c00000 - 0x00007ffbd1c09000 	C:\WINDOWS\SYSTEM32\WSOCK32.dll
0x00007ffbf3680000 - 0x00007ffbf36f1000 	C:\WINDOWS\System32\WS2_32.dll
0x00007ffbf0260000 - 0x00007ffbf0278000 	C:\WINDOWS\SYSTEM32\kernel.appcore.dll
0x00007ffbcda00000 - 0x00007ffbcda10000 	C:\Program Files\Android\Android Studio\jbr\bin\verify.dll
0x00007ffbee8f0000 - 0x00007ffbeeb1e000 	C:\WINDOWS\SYSTEM32\DBGHELP.DLL
0x00007ffbf1e20000 - 0x00007ffbf21aa000 	C:\WINDOWS\System32\combase.dll
0x00007ffbf1d40000 - 0x00007ffbf1e17000 	C:\WINDOWS\System32\OLEAUT32.dll
0x00007ffbdfbd0000 - 0x00007ffbdfc02000 	C:\WINDOWS\SYSTEM32\dbgcore.DLL
0x00007ffbf1a10000 - 0x00007ffbf1a8b000 	C:\WINDOWS\System32\bcryptPrimitives.dll
0x00007ffb9e830000 - 0x00007ffb9e858000 	C:\Program Files\Android\Android Studio\jbr\bin\java.dll
0x00007ffbc5c30000 - 0x00007ffbc5c3a000 	C:\Program Files\Android\Android Studio\jbr\bin\jimage.dll
0x00007ffb9e810000 - 0x00007ffb9e828000 	C:\Program Files\Android\Android Studio\jbr\bin\zip.dll
0x00007ffbf2b20000 - 0x00007ffbf330f000 	C:\WINDOWS\System32\SHELL32.dll
0x00007ffbef230000 - 0x00007ffbefaf8000 	C:\WINDOWS\SYSTEM32\windows.storage.dll
0x00007ffbef0f0000 - 0x00007ffbef22e000 	C:\WINDOWS\SYSTEM32\wintypes.dll
0x00007ffbf3500000 - 0x00007ffbf35f1000 	C:\WINDOWS\System32\SHCORE.dll
0x00007ffbf2a90000 - 0x00007ffbf2aee000 	C:\WINDOWS\System32\shlwapi.dll
0x00007ffbf1140000 - 0x00007ffbf1161000 	C:\WINDOWS\SYSTEM32\profapi.dll
0x00007ffb9e7f0000 - 0x00007ffb9e809000 	C:\Program Files\Android\Android Studio\jbr\bin\net.dll
0x00007ffbe8240000 - 0x00007ffbe836f000 	C:\WINDOWS\SYSTEM32\WINHTTP.dll
0x00007ffbf06d0000 - 0x00007ffbf0739000 	C:\WINDOWS\system32\mswsock.dll
0x00007ffb9e7d0000 - 0x00007ffb9e7e3000 	C:\Program Files\Android\Android Studio\jbr\bin\nio.dll

dbghelp: loaded successfully - version: 4.0.5 - missing functions: none
symbol engine: initialized successfully - sym options: 0x614 - pdb path: .;C:\Program Files\Android\Android Studio\jbr\bin;C:\WINDOWS\SYSTEM32;C:\WINDOWS\WinSxS\amd64_microsoft.windows.common-controls_6595b64144ccf1df_6.0.22621.608_none_a9444ca7c10bb01d;C:\Program Files\Android\Android Studio\jbr\bin\server

VM Arguments:
java_command: org.jetbrains.kotlin.cli.jvm.K2JVMCompiler @D:\semester2\pemrograman mobile\diceroller_223307108\app\build\20230508_2463136896084883563.compiler.options
java_class_path (initial): C:\Users\User\.gradle\caches\modules-2\files-2.1\org.jetbrains.kotlin\kotlin-compiler-embeddable\1.7.21\a36688d6a38ea94ac3fce84e198ea2cb6c6a8e88\kotlin-compiler-embeddable-1.7.21.jar;C:\Users\User\.gradle\caches\modules-2\files-2.1\org.jetbrains.kotlin\kotlin-reflect\1.7.21\ad6d09bc4db0eab1069112eea8ebea0be7be44f\kotlin-reflect-1.7.21.jar;C:\Users\User\.gradle\caches\modules-2\files-2.1\org.jetbrains.kotlin\kotlin-stdlib\1.7.21\1a2eaf898a0dda83037034b10a42053cf8a7caf8\kotlin-stdlib-1.7.21.jar;C:\Users\User\.gradle\caches\modules-2\files-2.1\org.jetbrains.kotlin\kotlin-script-runtime\1.7.21\b06d5c58297dccce2a0f69b0636804b0a73b3b9\kotlin-script-runtime-1.7.21.jar;C:\Users\User\.gradle\caches\modules-2\files-2.1\org.jetbrains.kotlin\kotlin-daemon-embeddable\1.7.21\b94818f660cc50f5d39f04b6396ac38e4d3a9eb7\kotlin-daemon-embeddable-1.7.21.jar;C:\Users\User\.gradle\caches\modules-2\files-2.1\org.jetbrains.intellij.deps\trove4j\1.0.20200330\3afb14d5f9ceb459d724e907a21145e8ff394f02\trove4j-1.0.20200330.jar;C:\Users\User\.gradle\caches\modules-2\files-2.1\net.java.dev.jna\jna\5.6.0\330f2244e9030119ab3030fc3fededc86713d9cc\jna-5.6.0.jar;C:\Users\User\.gradle\caches\modules-2\files-2.1\org.jetbrains.kotlin\kotlin-stdlib-common\1.7.21\cb02257de8e13e8498f8e2f69f742f2d438e794d\kotlin-stdlib-common-1.7.21.jar;C:\Users\User\.gradle\caches\modules-2\files-2.1\org.jetbrains\annotations\13.0\919f0dfe192fb4e063e7dacadee7f8bb9a2672a9\annotations-13.0.jar
Launcher Type: SUN_STANDARD

[Global flags]
     intx CICompilerCount                          = 4                                         {product} {ergonomic}
     uint ConcGCThreads                            = 2                                         {product} {ergonomic}
     uint G1ConcRefinementThreads                  = 8                                         {product} {ergonomic}
   size_t G1HeapRegionSize                         = 1048576                                   {product} {ergonomic}
    uintx GCDrainStackTargetSize                   = 64                                        {product} {ergonomic}
   size_t InitialHeapSize                          = 132120576                                 {product} {ergonomic}
   size_t MarkStackSize                            = 4194304                                   {product} {ergonomic}
   size_t MaxHeapSize                              = 2084569088                                {product} {ergonomic}
   size_t MaxNewSize                               = 1249902592                                {product} {ergonomic}
   size_t MinHeapDeltaBytes                        = 1048576                                   {product} {ergonomic}
    uintx NonNMethodCodeHeapSize                   = 5836300                                {pd product} {ergonomic}
    uintx NonProfiledCodeHeapSize                  = 122910970                              {pd product} {ergonomic}
    uintx ProfiledCodeHeapSize                     = 122910970                              {pd product} {ergonomic}
    uintx ReservedCodeCacheSize                    = 251658240                              {pd product} {ergonomic}
     bool SegmentedCodeCache                       = true                                      {product} {ergonomic}
     bool UseCompressedClassPointers               = true                                 {lp64_product} {ergonomic}
     bool UseCompressedOops                        = true                                 {lp64_product} {ergonomic}
     bool UseG1GC                                  = true                                      {product} {ergonomic}
     bool UseLargePagesIndividualAllocation        = false                                  {pd product} {ergonomic}

Logging:
Log output configuration:
 #0: stdout all=warning uptime,level,tags
 #1: stderr all=off uptime,level,tags

Environment Variables:
JAVA_HOME=C:\Program Files\Java\jdk-19
PATH=C:\Program Files\Common Files\Oracle\Java\javapath;C:\WINDOWS\system32;C:\WINDOWS;C:\WINDOWS\System32\Wbem;C:\WINDOWS\System32\WindowsPowerShell\v1.0\;C:\WINDOWS\System32\OpenSSH\;C:\xampp\php;C:\ProgramData\ComposerSetup\bin;C:\Program Files\PuTTY\;C:\Program Files\Common Files\Oracle\Java\javapath;C:\Program Files\Java\jdk-19\bin;C:\Program Files\Git\cmd;C:\Users\User\AppData\Local\Programs\Python\Python311\Scripts\;C:\Users\User\AppData\Local\Programs\Python\Python311\;C:\Users\User\AppData\Local\Microsoft\WindowsApps;C:\Users\User\AppData\Roaming\Composer\vendor\bin;C:\Users\User\AppData\Local\Programs\Microsoft VS Code\bin
USERNAME=User
OS=Windows_NT
PROCESSOR_IDENTIFIER=Intel64 Family 6 Model 142 Stepping 12, GenuineIntel



---------------  S Y S T E M  ---------------

OS: Windows 11 , 64 bit Build 22621 (10.0.22621.1194)
OS uptime: 1 days 1:33 hours

CPU:total 8 (initial active 8) (4 cores per cpu, 2 threads per core) family 6 model 142 stepping 12 microcode 0xde, cmov, cx8, fxsr, mmx, sse, sse2, sse3, ssse3, sse4.1, sse4.2, popcnt, avx, avx2, aes, clmul, erms, 3dnowpref, lzcnt, ht, tsc, tscinvbit, bmi1, bmi2, adx, fma

Memory: 4k page, system-wide physical 7945M (114M free)
TotalPageFile size 12041M (AvailPageFile size 6M)
current process WorkingSet (physical memory assigned to process): 202M, peak: 202M
current process commit charge ("private bytes"): 284M, peak: 285M

vm_info: OpenJDK 64-Bit Server VM (11.0.15+0-b2043.56-8887301) for windows-amd64 JRE (11.0.15+0-b2043.56-8887301), built on Jul 29 2022 23:19:47 by "builduser" with unknown MS VC++:1929

END.
